<?xml version="1.0" encoding="UTF-8"?>
<coverage generated="1776370268945" clover="3.2.0">
  <project timestamp="1776370268945" name="All files">
    <metrics statements="212" coveredstatements="209" conditionals="183" coveredconditionals="168" methods="56" coveredmethods="56" elements="451" coveredelements="433" complexity="0" loc="212" ncloc="212" packages="1" files="6" classes="6"/>
    <file name="Breakdown.tsx" path="/home/ismail8ahmed/open_sacramento/openbudgetsac.org/_src/js/compare/Breakdown.tsx">
      <metrics statements="35" coveredstatements="33" conditionals="25" coveredconditionals="23" methods="12" coveredmethods="12"/>
      <line num="23" count="9" type="stmt"/>
      <line num="24" count="17" type="stmt"/>
      <line num="25" count="17" type="cond" truecount="4" falsecount="0"/>
      <line num="26" count="2" type="stmt"/>
      <line num="28" count="15" type="cond" truecount="3" falsecount="1"/>
      <line num="29" count="0" type="stmt"/>
      <line num="31" count="15" type="cond" truecount="2" falsecount="0"/>
      <line num="43" count="5" type="stmt"/>
      <line num="64" count="4" type="stmt"/>
      <line num="73" count="4" type="stmt"/>
      <line num="74" count="4" type="stmt"/>
      <line num="79" count="4" type="stmt"/>
      <line num="88" count="4" type="stmt"/>
      <line num="98" count="9" type="cond" truecount="5" falsecount="0"/>
      <line num="101" count="1" type="stmt"/>
      <line num="112" count="5" type="stmt"/>
      <line num="113" count="5" type="stmt"/>
      <line num="114" count="5" type="stmt"/>
      <line num="116" count="5" type="cond" truecount="2" falsecount="0"/>
      <line num="117" count="1" type="stmt"/>
      <line num="120" count="8" type="stmt"/>
      <line num="121" count="8" type="stmt"/>
      <line num="122" count="4" type="stmt"/>
      <line num="124" count="2" type="cond" truecount="1" falsecount="1"/>
      <line num="125" count="0" type="stmt"/>
      <line num="127" count="2" type="stmt"/>
      <line num="130" count="2" type="cond" truecount="2" falsecount="0"/>
      <line num="131" count="1" type="stmt"/>
      <line num="133" count="1" type="stmt"/>
      <line num="134" count="1" type="stmt"/>
      <line num="144" count="13" type="cond" truecount="2" falsecount="0"/>
      <line num="145" count="10" type="stmt"/>
      <line num="147" count="3" type="cond" truecount="2" falsecount="0"/>
      <line num="148" count="1" type="stmt"/>
      <line num="151" count="2" type="stmt"/>
    </file>
    <file name="DiffTable.tsx" path="/home/ismail8ahmed/open_sacramento/openbudgetsac.org/_src/js/compare/DiffTable.tsx">
      <metrics statements="36" coveredstatements="35" conditionals="52" coveredconditionals="50" methods="11" coveredmethods="11"/>
      <line num="16" count="143" type="cond" truecount="2" falsecount="0"/>
      <line num="17" count="140" type="stmt"/>
      <line num="19" count="3" type="cond" truecount="2" falsecount="0"/>
      <line num="30" count="2" type="cond" truecount="1" falsecount="1"/>
      <line num="31" count="0" type="stmt"/>
      <line num="33" count="2" type="cond" truecount="1" falsecount="1"/>
      <line num="52" count="154" type="stmt"/>
      <line num="92" count="6" type="stmt"/>
      <line num="93" count="6" type="stmt"/>
      <line num="97" count="6" type="stmt"/>
      <line num="98" count="6" type="stmt"/>
      <line num="108" count="1" type="stmt"/>
      <line num="117" count="2" type="stmt"/>
      <line num="127" count="6" type="cond" truecount="2" falsecount="0"/>
      <line num="128" count="6" type="cond" truecount="2" falsecount="0"/>
      <line num="130" count="6" type="cond" truecount="5" falsecount="0"/>
      <line num="131" count="1" type="stmt"/>
      <line num="141" count="12" type="cond" truecount="2" falsecount="0"/>
      <line num="142" count="12" type="cond" truecount="2" falsecount="0"/>
      <line num="143" count="12" type="stmt"/>
      <line num="144" count="12" type="cond" truecount="2" falsecount="0"/>
      <line num="146" count="12" type="stmt"/>
      <line num="148" count="157" type="stmt"/>
      <line num="154" count="157" type="cond" truecount="4" falsecount="0"/>
      <line num="155" count="156" type="cond" truecount="2" falsecount="0"/>
      <line num="156" count="156" type="cond" truecount="2" falsecount="0"/>
      <line num="157" count="1" type="stmt"/>
      <line num="160" count="157" type="stmt"/>
      <line num="162" count="145" type="stmt"/>
      <line num="164" count="12" type="cond" truecount="2" falsecount="0"/>
      <line num="168" count="12" type="stmt"/>
      <line num="169" count="154" type="stmt"/>
      <line num="170" count="154" type="stmt"/>
      <line num="171" count="154" type="stmt"/>
      <line num="178" count="154" type="stmt"/>
      <line num="213" count="12" type="stmt"/>
    </file>
    <file name="Total.tsx" path="/home/ismail8ahmed/open_sacramento/openbudgetsac.org/_src/js/compare/Total.tsx">
      <metrics statements="12" coveredstatements="12" conditionals="8" coveredconditionals="8" methods="3" coveredmethods="3"/>
      <line num="23" count="4" type="stmt"/>
      <line num="24" count="6" type="cond" truecount="4" falsecount="0"/>
      <line num="25" count="2" type="stmt"/>
      <line num="28" count="2" type="stmt"/>
      <line num="29" count="2" type="stmt"/>
      <line num="30" count="2" type="cond" truecount="2" falsecount="0"/>
      <line num="31" count="1" type="stmt"/>
      <line num="34" count="2" type="stmt"/>
      <line num="36" count="4" type="stmt"/>
      <line num="43" count="2" type="stmt"/>
      <line num="56" count="2" type="stmt"/>
      <line num="62" count="2" type="stmt"/>
    </file>
    <file name="api.ts" path="/home/ismail8ahmed/open_sacramento/openbudgetsac.org/_src/js/compare/api.ts">
      <metrics statements="51" coveredstatements="51" conditionals="37" coveredconditionals="34" methods="13" coveredmethods="13"/>
      <line num="11" count="1" type="stmt"/>
      <line num="13" count="1" type="stmt"/>
      <line num="18" count="1" type="stmt"/>
      <line num="23" count="1" type="stmt"/>
      <line num="28" count="1" type="stmt"/>
      <line num="29" count="1" type="stmt"/>
      <line num="30" count="1" type="stmt"/>
      <line num="47" count="6" type="cond" truecount="5" falsecount="0"/>
      <line num="61" count="6" type="stmt"/>
      <line num="62" count="6" type="stmt"/>
      <line num="63" count="6" type="stmt"/>
      <line num="75" count="6" type="stmt"/>
      <line num="85" count="4" type="stmt"/>
      <line num="86" count="4" type="cond" truecount="2" falsecount="0"/>
      <line num="104" count="7" type="cond" truecount="6" falsecount="0"/>
      <line num="105" count="1" type="stmt"/>
      <line num="107" count="9" type="cond" truecount="4" falsecount="0"/>
      <line num="108" count="1" type="stmt"/>
      <line num="110" count="5" type="cond" truecount="4" falsecount="0"/>
      <line num="112" count="2" type="stmt"/>
      <line num="131" count="7" type="stmt"/>
      <line num="132" count="6" type="stmt"/>
      <line num="134" count="3" type="stmt"/>
      <line num="135" count="3" type="stmt"/>
      <line num="136" count="6" type="stmt"/>
      <line num="139" count="3" type="stmt"/>
      <line num="140" count="5" type="cond" truecount="2" falsecount="0"/>
      <line num="141" count="1" type="stmt"/>
      <line num="144" count="4" type="stmt"/>
      <line num="145" count="8" type="cond" truecount="2" falsecount="0"/>
      <line num="146" count="6" type="stmt"/>
      <line num="147" count="6" type="cond" truecount="2" falsecount="0"/>
      <line num="148" count="4" type="stmt"/>
      <line num="151" count="8" type="stmt"/>
      <line num="155" count="2" type="cond" truecount="2" falsecount="2"/>
      <line num="157" count="1" type="stmt"/>
      <line num="158" count="1" type="stmt"/>
      <line num="168" count="3" type="stmt"/>
      <line num="169" count="3" type="stmt"/>
      <line num="174" count="3" type="stmt"/>
      <line num="175" count="3" type="cond" truecount="2" falsecount="0"/>
      <line num="176" count="1" type="stmt"/>
      <line num="179" count="2" type="stmt"/>
      <line num="180" count="3" type="stmt"/>
      <line num="181" count="3" type="stmt"/>
      <line num="182" count="3" type="cond" truecount="2" falsecount="0"/>
      <line num="183" count="1" type="stmt"/>
      <line num="185" count="2" type="cond" truecount="1" falsecount="1"/>
      <line num="188" count="2" type="stmt"/>
      <line num="190" count="1" type="stmt"/>
      <line num="191" count="1" type="stmt"/>
    </file>
    <file name="i18n.ts" path="/home/ismail8ahmed/open_sacramento/openbudgetsac.org/_src/js/compare/i18n.ts">
      <metrics statements="56" coveredstatements="56" conditionals="49" coveredconditionals="42" methods="9" coveredmethods="9"/>
      <line num="3" count="11" type="stmt"/>
      <line num="4" count="11" type="stmt"/>
      <line num="12" count="11" type="stmt"/>
      <line num="160" count="57" type="cond" truecount="4" falsecount="0"/>
      <line num="161" count="17" type="stmt"/>
      <line num="164" count="40" type="stmt"/>
      <line num="165" count="40" type="cond" truecount="4" falsecount="0"/>
      <line num="166" count="11" type="stmt"/>
      <line num="168" count="29" type="cond" truecount="4" falsecount="0"/>
      <line num="169" count="18" type="stmt"/>
      <line num="172" count="11" type="stmt"/>
      <line num="173" count="22" type="stmt"/>
      <line num="175" count="11" type="cond" truecount="2" falsecount="0"/>
      <line num="184" count="16" type="cond" truecount="3" falsecount="1"/>
      <line num="185" count="16" type="stmt"/>
      <line num="186" count="16" type="stmt"/>
      <line num="187" count="16" type="cond" truecount="2" falsecount="0"/>
      <line num="188" count="2" type="stmt"/>
      <line num="192" count="14" type="cond" truecount="1" falsecount="1"/>
      <line num="193" count="14" type="stmt"/>
      <line num="194" count="14" type="cond" truecount="2" falsecount="0"/>
      <line num="195" count="6" type="stmt"/>
      <line num="199" count="8" type="cond" truecount="1" falsecount="1"/>
      <line num="200" count="8" type="cond" truecount="1" falsecount="1"/>
      <line num="201" count="8" type="stmt"/>
      <line num="202" count="10" type="stmt"/>
      <line num="203" count="10" type="cond" truecount="2" falsecount="0"/>
      <line num="204" count="6" type="stmt"/>
      <line num="208" count="2" type="stmt"/>
      <line num="209" count="2" type="cond" truecount="2" falsecount="0"/>
      <line num="210" count="1" type="stmt"/>
      <line num="214" count="1" type="stmt"/>
      <line num="217" count="11" type="stmt"/>
      <line num="227" count="264" type="stmt"/>
      <line num="228" count="264" type="stmt"/>
      <line num="230" count="264" type="stmt"/>
      <line num="231" count="600" type="cond" truecount="4" falsecount="0"/>
      <line num="232" count="2" type="stmt"/>
      <line num="234" count="598" type="stmt"/>
      <line num="237" count="262" type="cond" truecount="1" falsecount="1"/>
      <line num="248" count="132" type="cond" truecount="2" falsecount="0"/>
      <line num="249" count="101" type="stmt"/>
      <line num="252" count="31" type="stmt"/>
      <line num="253" count="31" type="cond" truecount="1" falsecount="1"/>
      <line num="266" count="15" type="cond" truecount="2" falsecount="0"/>
      <line num="267" count="15" type="cond" truecount="1" falsecount="1"/>
      <line num="268" count="15" type="stmt"/>
      <line num="270" count="15" type="stmt"/>
      <line num="279" count="1" type="stmt"/>
      <line num="290" count="132" type="stmt"/>
      <line num="291" count="132" type="stmt"/>
      <line num="292" count="132" type="cond" truecount="3" falsecount="0"/>
      <line num="293" count="132" type="stmt"/>
      <line num="296" count="11" type="stmt"/>
      <line num="298" count="11" type="stmt"/>
      <line num="304" count="11" type="stmt"/>
    </file>
    <file name="utils.tsx" path="/home/ismail8ahmed/open_sacramento/openbudgetsac.org/_src/js/compare/utils.tsx">
      <metrics statements="22" coveredstatements="22" conditionals="12" coveredconditionals="11" methods="8" coveredmethods="8"/>
      <line num="15" count="4" type="stmt"/>
      <line num="17" count="4" type="stmt"/>
      <line num="18" count="4" type="stmt"/>
      <line num="19" count="4" type="stmt"/>
      <line num="21" count="4" type="stmt"/>
      <line num="34" count="157" type="cond" truecount="4" falsecount="0"/>
      <line num="35" count="2" type="stmt"/>
      <line num="37" count="155" type="stmt"/>
      <line num="40" count="4" type="stmt"/>
      <line num="48" count="1" type="stmt"/>
      <line num="49" count="1" type="stmt"/>
      <line num="58" count="1" type="stmt"/>
      <line num="71" count="14" type="stmt"/>
      <line num="72" count="14" type="stmt"/>
      <line num="73" count="28" type="cond" truecount="1" falsecount="1"/>
      <line num="74" count="318" type="stmt"/>
      <line num="77" count="14" type="stmt"/>
      <line num="88" count="161" type="cond" truecount="2" falsecount="0"/>
      <line num="89" count="3" type="stmt"/>
      <line num="91" count="158" type="cond" truecount="2" falsecount="0"/>
      <line num="107" count="158" type="stmt"/>
      <line num="111" count="158" type="stmt"/>
    </file>
  </project>
</coverage>
