{"/home/ismail8ahmed/open_sacramento/openbudgetsac.org/_src/js/compare/Breakdown.jsx": {"path":"/home/ismail8ahmed/open_sacramento/openbudgetsac.org/_src/js/compare/Breakdown.jsx","statementMap":{"0":{"start":{"line":8,"column":2},"end":{"line":10,"column":3}},"1":{"start":{"line":9,"column":4},"end":{"line":9,"column":16}},"2":{"start":{"line":11,"column":2},"end":{"line":21,"column":4}},"3":{"start":{"line":12,"column":21},"end":{"line":12,"column":41}},"4":{"start":{"line":13,"column":4},"end":{"line":15,"column":5}},"5":{"start":{"line":14,"column":6},"end":{"line":14,"column":17}},"6":{"start":{"line":16,"column":4},"end":{"line":18,"column":5}},"7":{"start":{"line":17,"column":6},"end":{"line":17,"column":18}},"8":{"start":{"line":19,"column":4},"end":{"line":20,"column":63}},"9":{"start":{"line":31,"column":4},"end":{"line":31,"column":16}},"10":{"start":{"line":32,"column":4},"end":{"line":36,"column":5}},"11":{"start":{"line":37,"column":4},"end":{"line":37,"column":26}},"12":{"start":{"line":38,"column":4},"end":{"line":38,"column":46}},"13":{"start":{"line":47,"column":4},"end":{"line":47,"column":36}},"14":{"start":{"line":57,"column":4},"end":{"line":61,"column":5}},"15":{"start":{"line":60,"column":6},"end":{"line":60,"column":38}},"16":{"start":{"line":71,"column":4},"end":{"line":71,"column":27}},"17":{"start":{"line":72,"column":27},"end":{"line":72,"column":45}},"18":{"start":{"line":73,"column":4},"end":{"line":73,"column":49}},"19":{"start":{"line":74,"column":4},"end":{"line":91,"column":5}},"20":{"start":{"line":74,"column":37},"end":{"line":74,"column":43}},"21":{"start":{"line":75,"column":24},"end":{"line":75,"column":65}},"22":{"start":{"line":75,"column":42},"end":{"line":75,"column":64}},"23":{"start":{"line":76,"column":24},"end":{"line":76,"column":59}},"24":{"start":{"line":76,"column":42},"end":{"line":76,"column":58}},"25":{"start":{"line":77,"column":6},"end":{"line":90,"column":10}},"26":{"start":{"line":79,"column":10},"end":{"line":81,"column":11}},"27":{"start":{"line":80,"column":12},"end":{"line":80,"column":18}},"28":{"start":{"line":82,"column":10},"end":{"line":82,"column":65}},"29":{"start":{"line":85,"column":10},"end":{"line":87,"column":11}},"30":{"start":{"line":86,"column":12},"end":{"line":86,"column":18}},"31":{"start":{"line":88,"column":10},"end":{"line":88,"column":69}},"32":{"start":{"line":89,"column":10},"end":{"line":89,"column":167}},"33":{"start":{"line":100,"column":4},"end":{"line":102,"column":5}},"34":{"start":{"line":101,"column":6},"end":{"line":101,"column":100}},"35":{"start":{"line":103,"column":4},"end":{"line":105,"column":5}},"36":{"start":{"line":104,"column":6},"end":{"line":104,"column":87}},"37":{"start":{"line":107,"column":4},"end":{"line":123,"column":5}}},"fnMap":{"0":{"name":"areSameYears","decl":{"start":{"line":7,"column":9},"end":{"line":7,"column":21}},"loc":{"start":{"line":7,"column":52},"end":{"line":22,"column":1}},"line":7},"1":{"name":"(anonymous_1)","decl":{"start":{"line":11,"column":28},"end":{"line":11,"column":29}},"loc":{"start":{"line":11,"column":45},"end":{"line":21,"column":3}},"line":11},"2":{"name":"(anonymous_2)","decl":{"start":{"line":30,"column":2},"end":{"line":30,"column":3}},"loc":{"start":{"line":30,"column":22},"end":{"line":39,"column":3}},"line":30},"3":{"name":"(anonymous_3)","decl":{"start":{"line":46,"column":2},"end":{"line":46,"column":3}},"loc":{"start":{"line":46,"column":23},"end":{"line":48,"column":3}},"line":46},"4":{"name":"(anonymous_4)","decl":{"start":{"line":56,"column":2},"end":{"line":56,"column":3}},"loc":{"start":{"line":56,"column":33},"end":{"line":62,"column":3}},"line":56},"5":{"name":"(anonymous_5)","decl":{"start":{"line":70,"column":2},"end":{"line":70,"column":3}},"loc":{"start":{"line":70,"column":20},"end":{"line":92,"column":3}},"line":70},"6":{"name":"(anonymous_6)","decl":{"start":{"line":74,"column":29},"end":{"line":74,"column":30}},"loc":{"start":{"line":74,"column":37},"end":{"line":74,"column":43}},"line":74},"7":{"name":"(anonymous_7)","decl":{"start":{"line":75,"column":34},"end":{"line":75,"column":35}},"loc":{"start":{"line":75,"column":42},"end":{"line":75,"column":64}},"line":75},"8":{"name":"(anonymous_8)","decl":{"start":{"line":76,"column":34},"end":{"line":76,"column":35}},"loc":{"start":{"line":76,"column":42},"end":{"line":76,"column":58}},"line":76},"9":{"name":"(anonymous_9)","decl":{"start":{"line":78,"column":14},"end":{"line":78,"column":15}},"loc":{"start":{"line":78,"column":27},"end":{"line":83,"column":9}},"line":78},"10":{"name":"(anonymous_10)","decl":{"start":{"line":84,"column":15},"end":{"line":84,"column":16}},"loc":{"start":{"line":84,"column":26},"end":{"line":90,"column":9}},"line":84},"11":{"name":"(anonymous_11)","decl":{"start":{"line":99,"column":2},"end":{"line":99,"column":3}},"loc":{"start":{"line":99,"column":12},"end":{"line":124,"column":3}},"line":99}},"branchMap":{"0":{"loc":{"start":{"line":8,"column":2},"end":{"line":10,"column":3}},"type":"if","locations":[{"start":{"line":8,"column":2},"end":{"line":10,"column":3}},{"start":{},"end":{}}],"line":8},"1":{"loc":{"start":{"line":8,"column":6},"end":{"line":8,"column":115}},"type":"binary-expr","locations":[{"start":{"line":8,"column":6},"end":{"line":8,"column":34}},{"start":{"line":8,"column":38},"end":{"line":8,"column":67}},{"start":{"line":8,"column":71},"end":{"line":8,"column":115}}],"line":8},"2":{"loc":{"start":{"line":13,"column":4},"end":{"line":15,"column":5}},"type":"if","locations":[{"start":{"line":13,"column":4},"end":{"line":15,"column":5}},{"start":{},"end":{}}],"line":13},"3":{"loc":{"start":{"line":13,"column":8},"end":{"line":13,"column":26}},"type":"binary-expr","locations":[{"start":{"line":13,"column":8},"end":{"line":13,"column":13}},{"start":{"line":13,"column":17},"end":{"line":13,"column":26}}],"line":13},"4":{"loc":{"start":{"line":16,"column":4},"end":{"line":18,"column":5}},"type":"if","locations":[{"start":{"line":16,"column":4},"end":{"line":18,"column":5}},{"start":{},"end":{}}],"line":16},"5":{"loc":{"start":{"line":16,"column":8},"end":{"line":16,"column":26}},"type":"binary-expr","locations":[{"start":{"line":16,"column":8},"end":{"line":16,"column":13}},{"start":{"line":16,"column":17},"end":{"line":16,"column":26}}],"line":16},"6":{"loc":{"start":{"line":19,"column":11},"end":{"line":20,"column":63}},"type":"binary-expr","locations":[{"start":{"line":19,"column":11},"end":{"line":19,"column":64}},{"start":{"line":20,"column":6},"end":{"line":20,"column":63}}],"line":19},"7":{"loc":{"start":{"line":57,"column":4},"end":{"line":61,"column":5}},"type":"if","locations":[{"start":{"line":57,"column":4},"end":{"line":61,"column":5}},{"start":{},"end":{}}],"line":57},"8":{"loc":{"start":{"line":57,"column":8},"end":{"line":59,"column":50}},"type":"binary-expr","locations":[{"start":{"line":57,"column":8},"end":{"line":57,"column":56}},{"start":{"line":58,"column":6},"end":{"line":58,"column":40}},{"start":{"line":59,"column":6},"end":{"line":59,"column":50}}],"line":57},"9":{"loc":{"start":{"line":74,"column":4},"end":{"line":91,"column":5}},"type":"if","locations":[{"start":{"line":74,"column":4},"end":{"line":91,"column":5}},{"start":{},"end":{}}],"line":74},"10":{"loc":{"start":{"line":74,"column":8},"end":{"line":74,"column":44}},"type":"binary-expr","locations":[{"start":{"line":74,"column":8},"end":{"line":74,"column":13}},{"start":{"line":74,"column":17},"end":{"line":74,"column":44}}],"line":74},"11":{"loc":{"start":{"line":79,"column":10},"end":{"line":81,"column":11}},"type":"if","locations":[{"start":{"line":79,"column":10},"end":{"line":81,"column":11}},{"start":{},"end":{}}],"line":79},"12":{"loc":{"start":{"line":85,"column":10},"end":{"line":87,"column":11}},"type":"if","locations":[{"start":{"line":85,"column":10},"end":{"line":87,"column":11}},{"start":{},"end":{}}],"line":85},"13":{"loc":{"start":{"line":100,"column":4},"end":{"line":102,"column":5}},"type":"if","locations":[{"start":{"line":100,"column":4},"end":{"line":102,"column":5}},{"start":{},"end":{}}],"line":100},"14":{"loc":{"start":{"line":103,"column":4},"end":{"line":105,"column":5}},"type":"if","locations":[{"start":{"line":103,"column":4},"end":{"line":105,"column":5}},{"start":{},"end":{}}],"line":103}},"s":{"0":3,"1":0,"2":3,"3":6,"4":6,"5":2,"6":4,"7":0,"8":4,"9":2,"10":2,"11":2,"12":2,"13":2,"14":3,"15":0,"16":2,"17":2,"18":2,"19":2,"20":3,"21":1,"22":2,"23":1,"24":2,"25":1,"26":1,"27":0,"28":1,"29":0,"30":0,"31":0,"32":0,"33":5,"34":4,"35":1,"36":0,"37":1},"f":{"0":3,"1":6,"2":2,"3":2,"4":3,"5":2,"6":3,"7":2,"8":2,"9":1,"10":0,"11":5},"b":{"0":[0,3],"1":[3,3,3],"2":[2,4],"3":[6,2],"4":[0,4],"5":[4,4],"6":[4,4],"7":[0,3],"8":[3,3,3],"9":[1,1],"10":[2,2],"11":[0,1],"12":[0,0],"13":[4,1],"14":[0,1]},"_coverageSchema":"1a1c01bbd47fc00a2c39e90264f33305004495a9","hash":"08c242917ab600772c1ab557d1f2d92319a86c9c"}
,"/home/ismail8ahmed/open_sacramento/openbudgetsac.org/_src/js/compare/DiffTable.jsx": {"path":"/home/ismail8ahmed/open_sacramento/openbudgetsac.org/_src/js/compare/DiffTable.jsx","statementMap":{"0":{"start":{"line":15,"column":4},"end":{"line":15,"column":16}},"1":{"start":{"line":16,"column":4},"end":{"line":19,"column":5}},"2":{"start":{"line":20,"column":4},"end":{"line":20,"column":60}},"3":{"start":{"line":21,"column":4},"end":{"line":21,"column":62}},"4":{"start":{"line":31,"column":19},"end":{"line":31,"column":31}},"5":{"start":{"line":32,"column":4},"end":{"line":32,"column":43}},"6":{"start":{"line":41,"column":4},"end":{"line":41,"column":40}},"7":{"start":{"line":50,"column":21},"end":{"line":50,"column":74}},"8":{"start":{"line":51,"column":26},"end":{"line":51,"column":53}},"9":{"start":{"line":52,"column":31},"end":{"line":52,"column":73}},"10":{"start":{"line":55,"column":20},"end":{"line":55,"column":25}},"11":{"start":{"line":56,"column":4},"end":{"line":58,"column":6}},"12":{"start":{"line":57,"column":6},"end":{"line":57,"column":22}},"13":{"start":{"line":59,"column":4},"end":{"line":61,"column":6}},"14":{"start":{"line":60,"column":6},"end":{"line":60,"column":22}},"15":{"start":{"line":63,"column":24},"end":{"line":81,"column":8}},"16":{"start":{"line":64,"column":18},"end":{"line":68,"column":7}},"17":{"start":{"line":69,"column":6},"end":{"line":76,"column":7}},"18":{"start":{"line":70,"column":8},"end":{"line":70,"column":46}},"19":{"start":{"line":71,"column":8},"end":{"line":73,"column":9}},"20":{"start":{"line":72,"column":10},"end":{"line":72,"column":50}},"21":{"start":{"line":75,"column":8},"end":{"line":75,"column":27}},"22":{"start":{"line":77,"column":6},"end":{"line":77,"column":16}},"23":{"start":{"line":80,"column":8},"end":{"line":80,"column":67}},"24":{"start":{"line":83,"column":27},"end":{"line":83,"column":106}},"25":{"start":{"line":85,"column":21},"end":{"line":141,"column":6}},"26":{"start":{"line":86,"column":19},"end":{"line":100,"column":7}},"27":{"start":{"line":101,"column":27},"end":{"line":107,"column":7}},"28":{"start":{"line":109,"column":6},"end":{"line":140,"column":7}},"29":{"start":{"line":143,"column":4},"end":{"line":187,"column":5}}},"fnMap":{"0":{"name":"(anonymous_0)","decl":{"start":{"line":14,"column":2},"end":{"line":14,"column":3}},"loc":{"start":{"line":14,"column":22},"end":{"line":22,"column":3}},"line":14},"1":{"name":"(anonymous_1)","decl":{"start":{"line":30,"column":2},"end":{"line":30,"column":3}},"loc":{"start":{"line":30,"column":27},"end":{"line":33,"column":3}},"line":30},"2":{"name":"(anonymous_2)","decl":{"start":{"line":40,"column":2},"end":{"line":40,"column":3}},"loc":{"start":{"line":40,"column":23},"end":{"line":42,"column":3}},"line":40},"3":{"name":"(anonymous_3)","decl":{"start":{"line":49,"column":2},"end":{"line":49,"column":3}},"loc":{"start":{"line":49,"column":12},"end":{"line":188,"column":3}},"line":49},"4":{"name":"(anonymous_4)","decl":{"start":{"line":56,"column":37},"end":{"line":56,"column":38}},"loc":{"start":{"line":56,"column":46},"end":{"line":58,"column":5}},"line":56},"5":{"name":"(anonymous_5)","decl":{"start":{"line":59,"column":37},"end":{"line":59,"column":38}},"loc":{"start":{"line":59,"column":46},"end":{"line":61,"column":5}},"line":59},"6":{"name":"(anonymous_6)","decl":{"start":{"line":63,"column":45},"end":{"line":63,"column":46}},"loc":{"start":{"line":63,"column":54},"end":{"line":78,"column":5}},"line":63},"7":{"name":"(anonymous_7)","decl":{"start":{"line":79,"column":12},"end":{"line":79,"column":13}},"loc":{"start":{"line":79,"column":22},"end":{"line":81,"column":7}},"line":79},"8":{"name":"(anonymous_8)","decl":{"start":{"line":85,"column":40},"end":{"line":85,"column":41}},"loc":{"start":{"line":85,"column":51},"end":{"line":141,"column":5}},"line":85}},"branchMap":{"0":{"loc":{"start":{"line":50,"column":21},"end":{"line":50,"column":74}},"type":"cond-expr","locations":[{"start":{"line":50,"column":52},"end":{"line":50,"column":62}},{"start":{"line":50,"column":65},"end":{"line":50,"column":74}}],"line":50},"1":{"loc":{"start":{"line":52,"column":31},"end":{"line":52,"column":73}},"type":"cond-expr","locations":[{"start":{"line":52,"column":60},"end":{"line":52,"column":62}},{"start":{"line":52,"column":65},"end":{"line":52,"column":73}}],"line":52},"2":{"loc":{"start":{"line":69,"column":6},"end":{"line":76,"column":7}},"type":"if","locations":[{"start":{"line":69,"column":6},"end":{"line":76,"column":7}},{"start":{"line":74,"column":13},"end":{"line":76,"column":7}}],"line":69},"3":{"loc":{"start":{"line":69,"column":10},"end":{"line":69,"column":53}},"type":"binary-expr","locations":[{"start":{"line":69,"column":10},"end":{"line":69,"column":32}},{"start":{"line":69,"column":36},"end":{"line":69,"column":53}}],"line":69},"4":{"loc":{"start":{"line":70,"column":20},"end":{"line":70,"column":34}},"type":"binary-expr","locations":[{"start":{"line":70,"column":20},"end":{"line":70,"column":29}},{"start":{"line":70,"column":33},"end":{"line":70,"column":34}}],"line":70},"5":{"loc":{"start":{"line":71,"column":8},"end":{"line":73,"column":9}},"type":"if","locations":[{"start":{"line":71,"column":8},"end":{"line":73,"column":9}},{"start":{},"end":{}}],"line":71},"6":{"loc":{"start":{"line":83,"column":27},"end":{"line":83,"column":106}},"type":"cond-expr","locations":[{"start":{"line":83,"column":52},"end":{"line":83,"column":63}},{"start":{"line":83,"column":66},"end":{"line":83,"column":106}}],"line":83},"7":{"loc":{"start":{"line":114,"column":15},"end":{"line":130,"column":19}},"type":"cond-expr","locations":[{"start":{"line":116,"column":18},"end":{"line":122,"column":20}},{"start":{"line":125,"column":18},"end":{"line":129,"column":26}}],"line":114},"8":{"loc":{"start":{"line":126,"column":72},"end":{"line":126,"column":88}},"type":"binary-expr","locations":[{"start":{"line":126,"column":72},"end":{"line":126,"column":83}},{"start":{"line":126,"column":87},"end":{"line":126,"column":88}}],"line":126},"9":{"loc":{"start":{"line":128,"column":72},"end":{"line":128,"column":87}},"type":"binary-expr","locations":[{"start":{"line":128,"column":72},"end":{"line":128,"column":82}},{"start":{"line":128,"column":86},"end":{"line":128,"column":87}}],"line":128},"10":{"loc":{"start":{"line":175,"column":9},"end":{"line":185,"column":16}},"type":"cond-expr","locations":[{"start":{"line":177,"column":12},"end":{"line":183,"column":21}},{"start":{"line":185,"column":12},"end":{"line":185,"column":16}}],"line":175},"11":{"loc":{"start":{"line":175,"column":9},"end":{"line":175,"column":78}},"type":"binary-expr","locations":[{"start":{"line":175,"column":9},"end":{"line":175,"column":32}},{"start":{"line":175,"column":36},"end":{"line":175,"column":78}}],"line":175}},"s":{"0":1,"1":1,"2":1,"3":1,"4":0,"5":0,"6":0,"7":1,"8":1,"9":1,"10":1,"11":1,"12":1,"13":1,"14":1,"15":1,"16":1,"17":1,"18":1,"19":1,"20":0,"21":0,"22":1,"23":0,"24":1,"25":1,"26":1,"27":1,"28":1,"29":1},"f":{"0":1,"1":0,"2":0,"3":1,"4":1,"5":1,"6":1,"7":0,"8":1},"b":{"0":[1,0],"1":[0,1],"2":[1,0],"3":[1,1],"4":[1,0],"5":[0,1],"6":[0,1],"7":[1,0],"8":[0,0],"9":[0,0],"10":[0,1],"11":[1,1]},"_coverageSchema":"1a1c01bbd47fc00a2c39e90264f33305004495a9","hash":"971b8c23eefe68aacb7c1c521e68b7d78135e1cf"}
,"/home/ismail8ahmed/open_sacramento/openbudgetsac.org/_src/js/compare/Total.jsx": {"path":"/home/ismail8ahmed/open_sacramento/openbudgetsac.org/_src/js/compare/Total.jsx","statementMap":{"0":{"start":{"line":12,"column":19},"end":{"line":12,"column":34}},"1":{"start":{"line":13,"column":4},"end":{"line":15,"column":5}},"2":{"start":{"line":13,"column":48},"end":{"line":13,"column":55}},"3":{"start":{"line":14,"column":6},"end":{"line":14,"column":97}},"4":{"start":{"line":17,"column":15},"end":{"line":17,"column":48}},"5":{"start":{"line":18,"column":4},"end":{"line":20,"column":5}},"6":{"start":{"line":19,"column":6},"end":{"line":19,"column":35}},"7":{"start":{"line":22,"column":17},"end":{"line":31,"column":5}},"8":{"start":{"line":25,"column":8},"end":{"line":29,"column":9}},"9":{"start":{"line":33,"column":30},"end":{"line":45,"column":5}},"10":{"start":{"line":47,"column":4},"end":{"line":62,"column":5}}},"fnMap":{"0":{"name":"(anonymous_0)","decl":{"start":{"line":11,"column":2},"end":{"line":11,"column":3}},"loc":{"start":{"line":11,"column":12},"end":{"line":63,"column":3}},"line":11},"1":{"name":"(anonymous_1)","decl":{"start":{"line":13,"column":38},"end":{"line":13,"column":39}},"loc":{"start":{"line":13,"column":48},"end":{"line":13,"column":55}},"line":13},"2":{"name":"(anonymous_2)","decl":{"start":{"line":24,"column":27},"end":{"line":24,"column":28}},"loc":{"start":{"line":24,"column":41},"end":{"line":30,"column":7}},"line":24}},"branchMap":{"0":{"loc":{"start":{"line":13,"column":4},"end":{"line":15,"column":5}},"type":"if","locations":[{"start":{"line":13,"column":4},"end":{"line":15,"column":5}},{"start":{},"end":{}}],"line":13},"1":{"loc":{"start":{"line":13,"column":8},"end":{"line":13,"column":56}},"type":"binary-expr","locations":[{"start":{"line":13,"column":8},"end":{"line":13,"column":22}},{"start":{"line":13,"column":26},"end":{"line":13,"column":56}}],"line":13},"2":{"loc":{"start":{"line":18,"column":4},"end":{"line":20,"column":5}},"type":"if","locations":[{"start":{"line":18,"column":4},"end":{"line":20,"column":5}},{"start":{},"end":{}}],"line":18}},"s":{"0":2,"1":2,"2":2,"3":1,"4":1,"5":1,"6":1,"7":1,"8":2,"9":1,"10":1},"f":{"0":2,"1":2,"2":2},"b":{"0":[1,1],"1":[2,1],"2":[1,0]},"_coverageSchema":"1a1c01bbd47fc00a2c39e90264f33305004495a9","hash":"4f830e5363f999aad50e4df8be2b8e060f234132"}
,"/home/ismail8ahmed/open_sacramento/openbudgetsac.org/_src/js/compare/api.js": {"path":"/home/ismail8ahmed/open_sacramento/openbudgetsac.org/_src/js/compare/api.js","statementMap":{"0":{"start":{"line":4,"column":17},"end":{"line":4,"column":32}},"1":{"start":{"line":6,"column":18},"end":{"line":9,"column":1}},"2":{"start":{"line":11,"column":23},"end":{"line":14,"column":1}},"3":{"start":{"line":16,"column":22},"end":{"line":19,"column":1}},"4":{"start":{"line":20,"column":27},"end":{"line":20,"column":32}},"5":{"start":{"line":23,"column":2},"end":{"line":25,"column":3}},"6":{"start":{"line":24,"column":4},"end":{"line":24,"column":56}},"7":{"start":{"line":26,"column":2},"end":{"line":28,"column":3}},"8":{"start":{"line":27,"column":4},"end":{"line":27,"column":63}},"9":{"start":{"line":41,"column":2},"end":{"line":41,"column":64}},"10":{"start":{"line":43,"column":15},"end":{"line":45,"column":4}},"11":{"start":{"line":44,"column":4},"end":{"line":44,"column":83}},"12":{"start":{"line":47,"column":2},"end":{"line":69,"column":4}},"13":{"start":{"line":47,"column":37},"end":{"line":47,"column":84}},"14":{"start":{"line":49,"column":6},"end":{"line":64,"column":8}},"15":{"start":{"line":50,"column":8},"end":{"line":52,"column":9}},"16":{"start":{"line":51,"column":10},"end":{"line":51,"column":74}},"17":{"start":{"line":53,"column":8},"end":{"line":63,"column":14}},"18":{"start":{"line":55,"column":10},"end":{"line":61,"column":11}},"19":{"start":{"line":57,"column":24},"end":{"line":57,"column":53}},"20":{"start":{"line":58,"column":12},"end":{"line":60,"column":13}},"21":{"start":{"line":59,"column":14},"end":{"line":59,"column":69}},"22":{"start":{"line":62,"column":10},"end":{"line":62,"column":20}},"23":{"start":{"line":67,"column":4},"end":{"line":67,"column":66}},"24":{"start":{"line":68,"column":4},"end":{"line":68,"column":15}},"25":{"start":{"line":79,"column":2},"end":{"line":102,"column":4}},"26":{"start":{"line":80,"column":17},"end":{"line":80,"column":30}},"27":{"start":{"line":81,"column":4},"end":{"line":83,"column":5}},"28":{"start":{"line":82,"column":6},"end":{"line":82,"column":58}},"29":{"start":{"line":85,"column":4},"end":{"line":96,"column":6}},"30":{"start":{"line":87,"column":31},"end":{"line":93,"column":8}},"31":{"start":{"line":88,"column":21},"end":{"line":88,"column":57}},"32":{"start":{"line":90,"column":21},"end":{"line":90,"column":43}},"33":{"start":{"line":92,"column":8},"end":{"line":92,"column":33}},"34":{"start":{"line":95,"column":6},"end":{"line":95,"column":39}},"35":{"start":{"line":98,"column":4},"end":{"line":98,"column":15}},"36":{"start":{"line":100,"column":4},"end":{"line":100,"column":58}},"37":{"start":{"line":101,"column":4},"end":{"line":101,"column":15}}},"fnMap":{"0":{"name":"assertValidBreakdownRequest","decl":{"start":{"line":22,"column":9},"end":{"line":22,"column":36}},"loc":{"start":{"line":22,"column":73},"end":{"line":29,"column":1}},"line":22},"1":{"name":"fetchBreakdownData","decl":{"start":{"line":40,"column":16},"end":{"line":40,"column":34}},"loc":{"start":{"line":40,"column":71},"end":{"line":70,"column":1}},"line":40},"2":{"name":"(anonymous_2)","decl":{"start":{"line":43,"column":25},"end":{"line":43,"column":26}},"loc":{"start":{"line":43,"column":35},"end":{"line":45,"column":3}},"line":43},"3":{"name":"(anonymous_3)","decl":{"start":{"line":47,"column":28},"end":{"line":47,"column":29}},"loc":{"start":{"line":47,"column":37},"end":{"line":47,"column":84}},"line":47},"4":{"name":"(anonymous_4)","decl":{"start":{"line":48,"column":17},"end":{"line":48,"column":18}},"loc":{"start":{"line":48,"column":33},"end":{"line":65,"column":5}},"line":48},"5":{"name":"(anonymous_5)","decl":{"start":{"line":49,"column":25},"end":{"line":49,"column":26}},"loc":{"start":{"line":49,"column":40},"end":{"line":64,"column":7}},"line":49},"6":{"name":"(anonymous_6)","decl":{"start":{"line":53,"column":34},"end":{"line":53,"column":35}},"loc":{"start":{"line":53,"column":48},"end":{"line":63,"column":9}},"line":53},"7":{"name":"(anonymous_7)","decl":{"start":{"line":66,"column":10},"end":{"line":66,"column":11}},"loc":{"start":{"line":66,"column":21},"end":{"line":69,"column":3}},"line":66},"8":{"name":"fetchTotals","decl":{"start":{"line":78,"column":16},"end":{"line":78,"column":27}},"loc":{"start":{"line":78,"column":31},"end":{"line":103,"column":1}},"line":78},"9":{"name":"(anonymous_9)","decl":{"start":{"line":79,"column":105},"end":{"line":79,"column":106}},"loc":{"start":{"line":79,"column":119},"end":{"line":99,"column":3}},"line":79},"10":{"name":"(anonymous_10)","decl":{"start":{"line":85,"column":14},"end":{"line":85,"column":15}},"loc":{"start":{"line":85,"column":24},"end":{"line":96,"column":5}},"line":85},"11":{"name":"(anonymous_11)","decl":{"start":{"line":87,"column":42},"end":{"line":87,"column":43}},"loc":{"start":{"line":87,"column":54},"end":{"line":93,"column":7}},"line":87},"12":{"name":"(anonymous_12)","decl":{"start":{"line":99,"column":11},"end":{"line":99,"column":12}},"loc":{"start":{"line":99,"column":22},"end":{"line":102,"column":3}},"line":99}},"branchMap":{"0":{"loc":{"start":{"line":23,"column":2},"end":{"line":25,"column":3}},"type":"if","locations":[{"start":{"line":23,"column":2},"end":{"line":25,"column":3}},{"start":{},"end":{}}],"line":23},"1":{"loc":{"start":{"line":23,"column":6},"end":{"line":23,"column":115}},"type":"binary-expr","locations":[{"start":{"line":23,"column":6},"end":{"line":23,"column":27}},{"start":{"line":23,"column":31},"end":{"line":23,"column":56}},{"start":{"line":23,"column":60},"end":{"line":23,"column":93}},{"start":{"line":23,"column":97},"end":{"line":23,"column":115}}],"line":23},"2":{"loc":{"start":{"line":26,"column":2},"end":{"line":28,"column":3}},"type":"if","locations":[{"start":{"line":26,"column":2},"end":{"line":28,"column":3}},{"start":{},"end":{}}],"line":26},"3":{"loc":{"start":{"line":26,"column":6},"end":{"line":26,"column":128}},"type":"binary-expr","locations":[{"start":{"line":26,"column":6},"end":{"line":26,"column":60}},{"start":{"line":26,"column":64},"end":{"line":26,"column":128}}],"line":26},"4":{"loc":{"start":{"line":50,"column":8},"end":{"line":52,"column":9}},"type":"if","locations":[{"start":{"line":50,"column":8},"end":{"line":52,"column":9}},{"start":{},"end":{}}],"line":50},"5":{"loc":{"start":{"line":50,"column":12},"end":{"line":50,"column":50}},"type":"binary-expr","locations":[{"start":{"line":50,"column":12},"end":{"line":50,"column":19}},{"start":{"line":50,"column":23},"end":{"line":50,"column":50}}],"line":50},"6":{"loc":{"start":{"line":55,"column":10},"end":{"line":61,"column":11}},"type":"if","locations":[{"start":{"line":55,"column":10},"end":{"line":61,"column":11}},{"start":{},"end":{}}],"line":55},"7":{"loc":{"start":{"line":58,"column":12},"end":{"line":60,"column":13}},"type":"if","locations":[{"start":{"line":58,"column":12},"end":{"line":60,"column":13}},{"start":{},"end":{}}],"line":58},"8":{"loc":{"start":{"line":58,"column":16},"end":{"line":58,"column":57}},"type":"binary-expr","locations":[{"start":{"line":58,"column":16},"end":{"line":58,"column":39}},{"start":{"line":58,"column":43},"end":{"line":58,"column":57}}],"line":58},"9":{"loc":{"start":{"line":59,"column":25},"end":{"line":59,"column":69}},"type":"cond-expr","locations":[{"start":{"line":59,"column":55},"end":{"line":59,"column":65}},{"start":{"line":59,"column":68},"end":{"line":59,"column":69}}],"line":59},"10":{"loc":{"start":{"line":81,"column":4},"end":{"line":83,"column":5}},"type":"if","locations":[{"start":{"line":81,"column":4},"end":{"line":83,"column":5}},{"start":{},"end":{}}],"line":81}},"s":{"0":1,"1":1,"2":1,"3":1,"4":1,"5":1,"6":0,"7":1,"8":0,"9":1,"10":1,"11":2,"12":1,"13":2,"14":1,"15":2,"16":0,"17":2,"18":4,"19":2,"20":2,"21":2,"22":4,"23":0,"24":0,"25":1,"26":1,"27":1,"28":0,"29":1,"30":2,"31":4,"32":4,"33":4,"34":2,"35":1,"36":0,"37":0},"f":{"0":1,"1":1,"2":2,"3":2,"4":1,"5":2,"6":4,"7":0,"8":1,"9":1,"10":2,"11":4,"12":0},"b":{"0":[0,1],"1":[1,1,1,1],"2":[0,1],"3":[1,1],"4":[0,2],"5":[2,2],"6":[2,2],"7":[2,0],"8":[2,2],"9":[2,0],"10":[0,1]},"_coverageSchema":"1a1c01bbd47fc00a2c39e90264f33305004495a9","hash":"d3e3b761b9f21acbfe2f1673bccf15479df82a59"}
,"/home/ismail8ahmed/open_sacramento/openbudgetsac.org/_src/js/compare/utils.jsx": {"path":"/home/ismail8ahmed/open_sacramento/openbudgetsac.org/_src/js/compare/utils.jsx","statementMap":{"0":{"start":{"line":12,"column":0},"end":{"line":12,"column":73}},"1":{"start":{"line":14,"column":22},"end":{"line":14,"column":37}},"2":{"start":{"line":16,"column":25},"end":{"line":16,"column":38}},"3":{"start":{"line":18,"column":21},"end":{"line":18,"column":35}},"4":{"start":{"line":20,"column":28},"end":{"line":24,"column":1}},"5":{"start":{"line":26,"column":35},"end":{"line":51,"column":1}},"6":{"start":{"line":34,"column":24},"end":{"line":34,"column":45}},"7":{"start":{"line":35,"column":10},"end":{"line":35,"column":67}},"8":{"start":{"line":46,"column":10},"end":{"line":46,"column":46}},"9":{"start":{"line":62,"column":2},"end":{"line":67,"column":3}},"10":{"start":{"line":64,"column":6},"end":{"line":64,"column":26}},"11":{"start":{"line":66,"column":6},"end":{"line":66,"column":11}},"12":{"start":{"line":70,"column":2},"end":{"line":72,"column":3}},"13":{"start":{"line":71,"column":4},"end":{"line":71,"column":23}},"14":{"start":{"line":74,"column":2},"end":{"line":74,"column":25}},"15":{"start":{"line":84,"column":18},"end":{"line":86,"column":5}},"16":{"start":{"line":88,"column":4},"end":{"line":88,"column":83}}},"fnMap":{"0":{"name":"(anonymous_0)","decl":{"start":{"line":33,"column":15},"end":{"line":33,"column":16}},"loc":{"start":{"line":33,"column":28},"end":{"line":36,"column":9}},"line":33},"1":{"name":"(anonymous_1)","decl":{"start":{"line":44,"column":18},"end":{"line":44,"column":19}},"loc":{"start":{"line":44,"column":29},"end":{"line":47,"column":9}},"line":44},"2":{"name":"asDiff","decl":{"start":{"line":60,"column":16},"end":{"line":60,"column":22}},"loc":{"start":{"line":60,"column":39},"end":{"line":75,"column":1}},"line":60},"3":{"name":"(anonymous_3)","decl":{"start":{"line":83,"column":2},"end":{"line":83,"column":3}},"loc":{"start":{"line":83,"column":12},"end":{"line":89,"column":3}},"line":83}},"branchMap":{"0":{"loc":{"start":{"line":62,"column":2},"end":{"line":67,"column":3}},"type":"switch","locations":[{"start":{"line":63,"column":4},"end":{"line":64,"column":26}},{"start":{"line":65,"column":4},"end":{"line":66,"column":11}}],"line":62},"1":{"loc":{"start":{"line":70,"column":2},"end":{"line":72,"column":3}},"type":"if","locations":[{"start":{"line":70,"column":2},"end":{"line":72,"column":3}},{"start":{},"end":{}}],"line":70},"2":{"loc":{"start":{"line":85,"column":13},"end":{"line":85,"column":81}},"type":"cond-expr","locations":[{"start":{"line":85,"column":36},"end":{"line":85,"column":57}},{"start":{"line":85,"column":60},"end":{"line":85,"column":81}}],"line":85}},"s":{"0":3,"1":3,"2":3,"3":3,"4":3,"5":3,"6":0,"7":0,"8":0,"9":7,"10":1,"11":6,"12":6,"13":3,"14":3,"15":4,"16":4},"f":{"0":0,"1":0,"2":7,"3":4},"b":{"0":[1,6],"1":[3,3],"2":[3,1]},"_coverageSchema":"1a1c01bbd47fc00a2c39e90264f33305004495a9","hash":"6731ea09e321a5df928a172796cecb0045c3dad1"}
}
