{"/home/ismail8ahmed/open_sacramento/openbudgetsac.org/_src/js/compare/Breakdown.tsx": {"path":"/home/ismail8ahmed/open_sacramento/openbudgetsac.org/_src/js/compare/Breakdown.tsx","statementMap":{"0":{"start":{"line":23,"column":2},"end":{"line":33,"column":5}},"1":{"start":{"line":24,"column":25},"end":{"line":24,"column":45}},"2":{"start":{"line":25,"column":4},"end":{"line":27,"column":5}},"3":{"start":{"line":26,"column":6},"end":{"line":26,"column":18}},"4":{"start":{"line":28,"column":4},"end":{"line":30,"column":5}},"5":{"start":{"line":29,"column":6},"end":{"line":29,"column":19}},"6":{"start":{"line":31,"column":4},"end":{"line":32,"column":68}},"7":{"start":{"line":43,"column":2},"end":{"line":43,"column":30}},"8":{"start":{"line":64,"column":26},"end":{"line":64,"column":27}},"9":{"start":{"line":73,"column":4},"end":{"line":73,"column":17}},"10":{"start":{"line":74,"column":4},"end":{"line":78,"column":6}},"11":{"start":{"line":79,"column":4},"end":{"line":79,"column":47}},"12":{"start":{"line":88,"column":4},"end":{"line":88,"column":37}},"13":{"start":{"line":98,"column":4},"end":{"line":102,"column":5}},"14":{"start":{"line":101,"column":6},"end":{"line":101,"column":39}},"15":{"start":{"line":112,"column":4},"end":{"line":112,"column":28}},"16":{"start":{"line":113,"column":27},"end":{"line":113,"column":45}},"17":{"start":{"line":114,"column":4},"end":{"line":114,"column":48}},"18":{"start":{"line":116,"column":4},"end":{"line":118,"column":5}},"19":{"start":{"line":117,"column":6},"end":{"line":117,"column":13}},"20":{"start":{"line":120,"column":22},"end":{"line":120,"column":65}},"21":{"start":{"line":120,"column":42},"end":{"line":120,"column":64}},"22":{"start":{"line":121,"column":22},"end":{"line":121,"column":59}},"23":{"start":{"line":121,"column":42},"end":{"line":121,"column":58}},"24":{"start":{"line":122,"column":4},"end":{"line":135,"column":9}},"25":{"start":{"line":124,"column":8},"end":{"line":126,"column":9}},"26":{"start":{"line":125,"column":10},"end":{"line":125,"column":17}},"27":{"start":{"line":127,"column":8},"end":{"line":127,"column":62}},"28":{"start":{"line":130,"column":8},"end":{"line":132,"column":9}},"29":{"start":{"line":131,"column":10},"end":{"line":131,"column":17}},"30":{"start":{"line":133,"column":8},"end":{"line":133,"column":68}},"31":{"start":{"line":134,"column":8},"end":{"line":134,"column":99}},"32":{"start":{"line":144,"column":4},"end":{"line":146,"column":5}},"33":{"start":{"line":145,"column":6},"end":{"line":145,"column":105}},"34":{"start":{"line":147,"column":4},"end":{"line":149,"column":5}},"35":{"start":{"line":148,"column":6},"end":{"line":148,"column":88}},"36":{"start":{"line":151,"column":4},"end":{"line":170,"column":6}}},"fnMap":{"0":{"name":"areSameYears","decl":{"start":{"line":22,"column":9},"end":{"line":22,"column":21}},"loc":{"start":{"line":22,"column":90},"end":{"line":34,"column":1}},"line":22},"1":{"name":"(anonymous_1)","decl":{"start":{"line":23,"column":28},"end":{"line":23,"column":29}},"loc":{"start":{"line":23,"column":45},"end":{"line":33,"column":3}},"line":23},"2":{"name":"hasCompleteYears","decl":{"start":{"line":42,"column":9},"end":{"line":42,"column":25}},"loc":{"start":{"line":42,"column":121},"end":{"line":44,"column":1}},"line":42},"3":{"name":"(anonymous_3)","decl":{"start":{"line":72,"column":0},"end":{"line":72,"column":1}},"loc":{"start":{"line":72,"column":35},"end":{"line":80,"column":3}},"line":72},"4":{"name":"(anonymous_4)","decl":{"start":{"line":87,"column":0},"end":{"line":87,"column":1}},"loc":{"start":{"line":87,"column":26},"end":{"line":89,"column":3}},"line":87},"5":{"name":"(anonymous_5)","decl":{"start":{"line":97,"column":0},"end":{"line":97,"column":1}},"loc":{"start":{"line":97,"column":52},"end":{"line":103,"column":3}},"line":97},"6":{"name":"(anonymous_6)","decl":{"start":{"line":111,"column":0},"end":{"line":111,"column":1}},"loc":{"start":{"line":111,"column":38},"end":{"line":136,"column":3}},"line":111},"7":{"name":"(anonymous_7)","decl":{"start":{"line":120,"column":32},"end":{"line":120,"column":33}},"loc":{"start":{"line":120,"column":42},"end":{"line":120,"column":64}},"line":120},"8":{"name":"(anonymous_8)","decl":{"start":{"line":121,"column":32},"end":{"line":121,"column":33}},"loc":{"start":{"line":121,"column":42},"end":{"line":121,"column":58}},"line":121},"9":{"name":"(anonymous_9)","decl":{"start":{"line":123,"column":12},"end":{"line":123,"column":13}},"loc":{"start":{"line":123,"column":25},"end":{"line":128,"column":7}},"line":123},"10":{"name":"(anonymous_10)","decl":{"start":{"line":129,"column":13},"end":{"line":129,"column":14}},"loc":{"start":{"line":129,"column":24},"end":{"line":135,"column":7}},"line":129},"11":{"name":"(anonymous_11)","decl":{"start":{"line":143,"column":0},"end":{"line":143,"column":1}},"loc":{"start":{"line":143,"column":28},"end":{"line":171,"column":3}},"line":143}},"branchMap":{"0":{"loc":{"start":{"line":25,"column":4},"end":{"line":27,"column":5}},"type":"if","locations":[{"start":{"line":25,"column":4},"end":{"line":27,"column":5}},{"start":{},"end":{}}],"line":25},"1":{"loc":{"start":{"line":25,"column":8},"end":{"line":25,"column":30}},"type":"binary-expr","locations":[{"start":{"line":25,"column":8},"end":{"line":25,"column":13}},{"start":{"line":25,"column":17},"end":{"line":25,"column":30}}],"line":25},"2":{"loc":{"start":{"line":28,"column":4},"end":{"line":30,"column":5}},"type":"if","locations":[{"start":{"line":28,"column":4},"end":{"line":30,"column":5}},{"start":{},"end":{}}],"line":28},"3":{"loc":{"start":{"line":28,"column":8},"end":{"line":28,"column":30}},"type":"binary-expr","locations":[{"start":{"line":28,"column":8},"end":{"line":28,"column":13}},{"start":{"line":28,"column":17},"end":{"line":28,"column":30}}],"line":28},"4":{"loc":{"start":{"line":31,"column":11},"end":{"line":32,"column":67}},"type":"binary-expr","locations":[{"start":{"line":31,"column":11},"end":{"line":31,"column":68}},{"start":{"line":32,"column":6},"end":{"line":32,"column":67}}],"line":31},"5":{"loc":{"start":{"line":98,"column":4},"end":{"line":102,"column":5}},"type":"if","locations":[{"start":{"line":98,"column":4},"end":{"line":102,"column":5}},{"start":{},"end":{}}],"line":98},"6":{"loc":{"start":{"line":98,"column":8},"end":{"line":100,"column":50}},"type":"binary-expr","locations":[{"start":{"line":98,"column":8},"end":{"line":98,"column":56}},{"start":{"line":99,"column":6},"end":{"line":99,"column":40}},{"start":{"line":100,"column":6},"end":{"line":100,"column":50}}],"line":98},"7":{"loc":{"start":{"line":116,"column":4},"end":{"line":118,"column":5}},"type":"if","locations":[{"start":{"line":116,"column":4},"end":{"line":118,"column":5}},{"start":{},"end":{}}],"line":116},"8":{"loc":{"start":{"line":124,"column":8},"end":{"line":126,"column":9}},"type":"if","locations":[{"start":{"line":124,"column":8},"end":{"line":126,"column":9}},{"start":{},"end":{}}],"line":124},"9":{"loc":{"start":{"line":130,"column":8},"end":{"line":132,"column":9}},"type":"if","locations":[{"start":{"line":130,"column":8},"end":{"line":132,"column":9}},{"start":{},"end":{}}],"line":130},"10":{"loc":{"start":{"line":144,"column":4},"end":{"line":146,"column":5}},"type":"if","locations":[{"start":{"line":144,"column":4},"end":{"line":146,"column":5}},{"start":{},"end":{}}],"line":144},"11":{"loc":{"start":{"line":147,"column":4},"end":{"line":149,"column":5}},"type":"if","locations":[{"start":{"line":147,"column":4},"end":{"line":149,"column":5}},{"start":{},"end":{}}],"line":147}},"s":{"0":9,"1":17,"2":17,"3":2,"4":15,"5":0,"6":15,"7":5,"8":4,"9":4,"10":4,"11":4,"12":4,"13":9,"14":1,"15":5,"16":5,"17":5,"18":5,"19":1,"20":4,"21":8,"22":4,"23":8,"24":4,"25":2,"26":0,"27":2,"28":2,"29":1,"30":1,"31":1,"32":13,"33":10,"34":3,"35":1,"36":2},"f":{"0":9,"1":17,"2":5,"3":4,"4":4,"5":9,"6":5,"7":8,"8":8,"9":2,"10":2,"11":13},"b":{"0":[2,15],"1":[17,2],"2":[0,15],"3":[15,15],"4":[15,14],"5":[1,8],"6":[9,8,8],"7":[1,4],"8":[0,2],"9":[1,1],"10":[10,3],"11":[1,2]},"_coverageSchema":"1a1c01bbd47fc00a2c39e90264f33305004495a9","hash":"11ada9c5d03062f673814f59af7c47336ea9cf20"}
,"/home/ismail8ahmed/open_sacramento/openbudgetsac.org/_src/js/compare/DiffTable.tsx": {"path":"/home/ismail8ahmed/open_sacramento/openbudgetsac.org/_src/js/compare/DiffTable.tsx","statementMap":{"0":{"start":{"line":16,"column":2},"end":{"line":18,"column":3}},"1":{"start":{"line":17,"column":4},"end":{"line":17,"column":13}},"2":{"start":{"line":19,"column":2},"end":{"line":19,"column":31}},"3":{"start":{"line":30,"column":2},"end":{"line":32,"column":3}},"4":{"start":{"line":31,"column":4},"end":{"line":31,"column":13}},"5":{"start":{"line":33,"column":2},"end":{"line":33,"column":31}},"6":{"start":{"line":52,"column":2},"end":{"line":66,"column":4}},"7":{"start":{"line":92,"column":4},"end":{"line":92,"column":17}},"8":{"start":{"line":93,"column":4},"end":{"line":96,"column":6}},"9":{"start":{"line":97,"column":4},"end":{"line":97,"column":61}},"10":{"start":{"line":98,"column":4},"end":{"line":98,"column":63}},"11":{"start":{"line":108,"column":4},"end":{"line":108,"column":76}},"12":{"start":{"line":117,"column":4},"end":{"line":117,"column":39}},"13":{"start":{"line":127,"column":26},"end":{"line":127,"column":87}},"14":{"start":{"line":128,"column":27},"end":{"line":128,"column":86}},"15":{"start":{"line":130,"column":4},"end":{"line":132,"column":5}},"16":{"start":{"line":131,"column":6},"end":{"line":131,"column":42}},"17":{"start":{"line":141,"column":21},"end":{"line":141,"column":76}},"18":{"start":{"line":142,"column":26},"end":{"line":142,"column":87}},"19":{"start":{"line":143,"column":26},"end":{"line":143,"column":40}},"20":{"start":{"line":144,"column":31},"end":{"line":144,"column":76}},"21":{"start":{"line":146,"column":24},"end":{"line":162,"column":89}},"22":{"start":{"line":148,"column":33},"end":{"line":153,"column":9}},"23":{"start":{"line":154,"column":8},"end":{"line":159,"column":9}},"24":{"start":{"line":155,"column":10},"end":{"line":155,"column":55}},"25":{"start":{"line":156,"column":10},"end":{"line":158,"column":11}},"26":{"start":{"line":157,"column":12},"end":{"line":157,"column":59}},"27":{"start":{"line":160,"column":8},"end":{"line":160,"column":21}},"28":{"start":{"line":162,"column":29},"end":{"line":162,"column":88}},"29":{"start":{"line":164,"column":27},"end":{"line":166,"column":46}},"30":{"start":{"line":168,"column":21},"end":{"line":211,"column":6}},"31":{"start":{"line":169,"column":25},"end":{"line":169,"column":54}},"32":{"start":{"line":170,"column":19},"end":{"line":170,"column":80}},"33":{"start":{"line":171,"column":32},"end":{"line":176,"column":7}},"34":{"start":{"line":178,"column":6},"end":{"line":210,"column":8}},"35":{"start":{"line":213,"column":4},"end":{"line":257,"column":6}}},"fnMap":{"0":{"name":"compareDesc","decl":{"start":{"line":15,"column":9},"end":{"line":15,"column":20}},"loc":{"start":{"line":15,"column":76},"end":{"line":20,"column":1}},"line":15},"1":{"name":"compareAsc","decl":{"start":{"line":29,"column":9},"end":{"line":29,"column":19}},"loc":{"start":{"line":29,"column":75},"end":{"line":34,"column":1}},"line":29},"2":{"name":"buildRowChartData","decl":{"start":{"line":51,"column":9},"end":{"line":51,"column":26}},"loc":{"start":{"line":51,"column":90},"end":{"line":67,"column":1}},"line":51},"3":{"name":"(anonymous_3)","decl":{"start":{"line":91,"column":0},"end":{"line":91,"column":1}},"loc":{"start":{"line":91,"column":35},"end":{"line":99,"column":3}},"line":91},"4":{"name":"(anonymous_4)","decl":{"start":{"line":107,"column":0},"end":{"line":107,"column":1}},"loc":{"start":{"line":107,"column":68},"end":{"line":109,"column":3}},"line":107},"5":{"name":"(anonymous_5)","decl":{"start":{"line":116,"column":0},"end":{"line":116,"column":1}},"loc":{"start":{"line":116,"column":26},"end":{"line":118,"column":3}},"line":116},"6":{"name":"(anonymous_6)","decl":{"start":{"line":126,"column":0},"end":{"line":126,"column":1}},"loc":{"start":{"line":126,"column":52},"end":{"line":133,"column":3}},"line":126},"7":{"name":"(anonymous_7)","decl":{"start":{"line":140,"column":0},"end":{"line":140,"column":1}},"loc":{"start":{"line":140,"column":28},"end":{"line":258,"column":3}},"line":140},"8":{"name":"(anonymous_8)","decl":{"start":{"line":147,"column":22},"end":{"line":147,"column":23}},"loc":{"start":{"line":147,"column":31},"end":{"line":161,"column":7}},"line":147},"9":{"name":"(anonymous_9)","decl":{"start":{"line":162,"column":12},"end":{"line":162,"column":13}},"loc":{"start":{"line":162,"column":29},"end":{"line":162,"column":88}},"line":162},"10":{"name":"(anonymous_10)","decl":{"start":{"line":168,"column":40},"end":{"line":168,"column":41}},"loc":{"start":{"line":168,"column":51},"end":{"line":211,"column":5}},"line":168}},"branchMap":{"0":{"loc":{"start":{"line":16,"column":2},"end":{"line":18,"column":3}},"type":"if","locations":[{"start":{"line":16,"column":2},"end":{"line":18,"column":3}},{"start":{},"end":{}}],"line":16},"1":{"loc":{"start":{"line":19,"column":9},"end":{"line":19,"column":30}},"type":"cond-expr","locations":[{"start":{"line":19,"column":24},"end":{"line":19,"column":26}},{"start":{"line":19,"column":29},"end":{"line":19,"column":30}}],"line":19},"2":{"loc":{"start":{"line":30,"column":2},"end":{"line":32,"column":3}},"type":"if","locations":[{"start":{"line":30,"column":2},"end":{"line":32,"column":3}},{"start":{},"end":{}}],"line":30},"3":{"loc":{"start":{"line":33,"column":9},"end":{"line":33,"column":30}},"type":"cond-expr","locations":[{"start":{"line":33,"column":24},"end":{"line":33,"column":26}},{"start":{"line":33,"column":29},"end":{"line":33,"column":30}}],"line":33},"4":{"loc":{"start":{"line":57,"column":15},"end":{"line":57,"column":31}},"type":"binary-expr","locations":[{"start":{"line":57,"column":15},"end":{"line":57,"column":26}},{"start":{"line":57,"column":30},"end":{"line":57,"column":31}}],"line":57},"5":{"loc":{"start":{"line":58,"column":15},"end":{"line":58,"column":48}},"type":"binary-expr","locations":[{"start":{"line":58,"column":15},"end":{"line":58,"column":42}},{"start":{"line":58,"column":46},"end":{"line":58,"column":48}}],"line":58},"6":{"loc":{"start":{"line":62,"column":15},"end":{"line":62,"column":30}},"type":"binary-expr","locations":[{"start":{"line":62,"column":15},"end":{"line":62,"column":25}},{"start":{"line":62,"column":29},"end":{"line":62,"column":30}}],"line":62},"7":{"loc":{"start":{"line":63,"column":15},"end":{"line":63,"column":48}},"type":"binary-expr","locations":[{"start":{"line":63,"column":15},"end":{"line":63,"column":42}},{"start":{"line":63,"column":46},"end":{"line":63,"column":48}}],"line":63},"8":{"loc":{"start":{"line":127,"column":34},"end":{"line":127,"column":86}},"type":"binary-expr","locations":[{"start":{"line":127,"column":34},"end":{"line":127,"column":56}},{"start":{"line":127,"column":60},"end":{"line":127,"column":86}}],"line":127},"9":{"loc":{"start":{"line":128,"column":35},"end":{"line":128,"column":85}},"type":"binary-expr","locations":[{"start":{"line":128,"column":35},"end":{"line":128,"column":56}},{"start":{"line":128,"column":60},"end":{"line":128,"column":85}}],"line":128},"10":{"loc":{"start":{"line":130,"column":4},"end":{"line":132,"column":5}},"type":"if","locations":[{"start":{"line":130,"column":4},"end":{"line":132,"column":5}},{"start":{},"end":{}}],"line":130},"11":{"loc":{"start":{"line":130,"column":8},"end":{"line":130,"column":66}},"type":"binary-expr","locations":[{"start":{"line":130,"column":8},"end":{"line":130,"column":21}},{"start":{"line":130,"column":25},"end":{"line":130,"column":40}},{"start":{"line":130,"column":44},"end":{"line":130,"column":66}}],"line":130},"12":{"loc":{"start":{"line":141,"column":21},"end":{"line":141,"column":76}},"type":"cond-expr","locations":[{"start":{"line":141,"column":52},"end":{"line":141,"column":63}},{"start":{"line":141,"column":66},"end":{"line":141,"column":76}}],"line":141},"13":{"loc":{"start":{"line":142,"column":34},"end":{"line":142,"column":86}},"type":"binary-expr","locations":[{"start":{"line":142,"column":34},"end":{"line":142,"column":56}},{"start":{"line":142,"column":60},"end":{"line":142,"column":86}}],"line":142},"14":{"loc":{"start":{"line":144,"column":31},"end":{"line":144,"column":76}},"type":"cond-expr","locations":[{"start":{"line":144,"column":47},"end":{"line":144,"column":49}},{"start":{"line":144,"column":52},"end":{"line":144,"column":76}}],"line":144},"15":{"loc":{"start":{"line":154,"column":8},"end":{"line":159,"column":9}},"type":"if","locations":[{"start":{"line":154,"column":8},"end":{"line":159,"column":9}},{"start":{},"end":{}}],"line":154},"16":{"loc":{"start":{"line":154,"column":12},"end":{"line":154,"column":59}},"type":"binary-expr","locations":[{"start":{"line":154,"column":12},"end":{"line":154,"column":36}},{"start":{"line":154,"column":40},"end":{"line":154,"column":59}}],"line":154},"17":{"loc":{"start":{"line":155,"column":24},"end":{"line":155,"column":40}},"type":"binary-expr","locations":[{"start":{"line":155,"column":24},"end":{"line":155,"column":35}},{"start":{"line":155,"column":39},"end":{"line":155,"column":40}}],"line":155},"18":{"loc":{"start":{"line":156,"column":10},"end":{"line":158,"column":11}},"type":"if","locations":[{"start":{"line":156,"column":10},"end":{"line":158,"column":11}},{"start":{},"end":{}}],"line":156},"19":{"loc":{"start":{"line":164,"column":27},"end":{"line":166,"column":46}},"type":"cond-expr","locations":[{"start":{"line":165,"column":6},"end":{"line":165,"column":17}},{"start":{"line":166,"column":6},"end":{"line":166,"column":46}}],"line":164},"20":{"loc":{"start":{"line":183,"column":15},"end":{"line":199,"column":17}},"type":"cond-expr","locations":[{"start":{"line":185,"column":18},"end":{"line":191,"column":20}},{"start":{"line":194,"column":18},"end":{"line":198,"column":26}}],"line":183},"21":{"loc":{"start":{"line":195,"column":73},"end":{"line":195,"column":89}},"type":"binary-expr","locations":[{"start":{"line":195,"column":73},"end":{"line":195,"column":84}},{"start":{"line":195,"column":88},"end":{"line":195,"column":89}}],"line":195},"22":{"loc":{"start":{"line":197,"column":73},"end":{"line":197,"column":88}},"type":"binary-expr","locations":[{"start":{"line":197,"column":73},"end":{"line":197,"column":83}},{"start":{"line":197,"column":87},"end":{"line":197,"column":88}}],"line":197},"23":{"loc":{"start":{"line":249,"column":9},"end":{"line":255,"column":14}},"type":"cond-expr","locations":[{"start":{"line":251,"column":12},"end":{"line":253,"column":21}},{"start":{"line":255,"column":10},"end":{"line":255,"column":14}}],"line":249},"24":{"loc":{"start":{"line":249,"column":9},"end":{"line":249,"column":92}},"type":"binary-expr","locations":[{"start":{"line":249,"column":9},"end":{"line":249,"column":22}},{"start":{"line":249,"column":26},"end":{"line":249,"column":65}},{"start":{"line":249,"column":69},"end":{"line":249,"column":92}}],"line":249}},"s":{"0":143,"1":140,"2":3,"3":2,"4":0,"5":2,"6":154,"7":6,"8":6,"9":6,"10":6,"11":1,"12":2,"13":6,"14":6,"15":6,"16":1,"17":12,"18":12,"19":12,"20":12,"21":12,"22":157,"23":157,"24":156,"25":156,"26":1,"27":157,"28":145,"29":12,"30":12,"31":154,"32":154,"33":154,"34":154,"35":12},"f":{"0":143,"1":2,"2":154,"3":6,"4":1,"5":2,"6":6,"7":12,"8":157,"9":145,"10":154},"b":{"0":[140,3],"1":[2,1],"2":[0,2],"3":[0,2],"4":[154,1],"5":[154,2],"6":[154,1],"7":[154,2],"8":[6,2],"9":[6,2],"10":[1,5],"11":[6,4,1],"12":[11,1],"13":[12,6],"14":[7,5],"15":[156,1],"16":[157,156],"17":[156,1],"18":[1,155],"19":[4,8],"20":[29,125],"21":[125,1],"22":[125,1],"23":[3,9],"24":[12,7,6]},"_coverageSchema":"1a1c01bbd47fc00a2c39e90264f33305004495a9","hash":"cec4316a8677563b695ade33f28cda5df7d0c926"}
,"/home/ismail8ahmed/open_sacramento/openbudgetsac.org/_src/js/compare/Total.tsx": {"path":"/home/ismail8ahmed/open_sacramento/openbudgetsac.org/_src/js/compare/Total.tsx","statementMap":{"0":{"start":{"line":23,"column":19},"end":{"line":23,"column":34}},"1":{"start":{"line":24,"column":4},"end":{"line":26,"column":5}},"2":{"start":{"line":24,"column":50},"end":{"line":24,"column":57}},"3":{"start":{"line":25,"column":6},"end":{"line":25,"column":102}},"4":{"start":{"line":28,"column":23},"end":{"line":28,"column":73}},"5":{"start":{"line":29,"column":15},"end":{"line":29,"column":56}},"6":{"start":{"line":30,"column":4},"end":{"line":32,"column":5}},"7":{"start":{"line":31,"column":6},"end":{"line":31,"column":40}},"8":{"start":{"line":34,"column":17},"end":{"line":41,"column":5}},"9":{"start":{"line":36,"column":50},"end":{"line":40,"column":7}},"10":{"start":{"line":43,"column":35},"end":{"line":54,"column":5}},"11":{"start":{"line":56,"column":27},"end":{"line":60,"column":15}},"12":{"start":{"line":62,"column":4},"end":{"line":80,"column":6}}},"fnMap":{"0":{"name":"(anonymous_0)","decl":{"start":{"line":22,"column":0},"end":{"line":22,"column":1}},"loc":{"start":{"line":22,"column":28},"end":{"line":81,"column":3}},"line":22},"1":{"name":"(anonymous_1)","decl":{"start":{"line":24,"column":38},"end":{"line":24,"column":39}},"loc":{"start":{"line":24,"column":50},"end":{"line":24,"column":57}},"line":24},"2":{"name":"(anonymous_2)","decl":{"start":{"line":36,"column":31},"end":{"line":36,"column":32}},"loc":{"start":{"line":36,"column":50},"end":{"line":40,"column":7}},"line":36}},"branchMap":{"0":{"loc":{"start":{"line":24,"column":4},"end":{"line":26,"column":5}},"type":"if","locations":[{"start":{"line":24,"column":4},"end":{"line":26,"column":5}},{"start":{},"end":{}}],"line":24},"1":{"loc":{"start":{"line":24,"column":8},"end":{"line":24,"column":58}},"type":"binary-expr","locations":[{"start":{"line":24,"column":8},"end":{"line":24,"column":22}},{"start":{"line":24,"column":26},"end":{"line":24,"column":58}}],"line":24},"2":{"loc":{"start":{"line":30,"column":4},"end":{"line":32,"column":5}},"type":"if","locations":[{"start":{"line":30,"column":4},"end":{"line":32,"column":5}},{"start":{},"end":{}}],"line":30},"3":{"loc":{"start":{"line":59,"column":6},"end":{"line":59,"column":59}},"type":"cond-expr","locations":[{"start":{"line":59,"column":35},"end":{"line":59,"column":48}},{"start":{"line":59,"column":51},"end":{"line":59,"column":59}}],"line":59}},"s":{"0":4,"1":4,"2":6,"3":2,"4":2,"5":2,"6":2,"7":1,"8":2,"9":4,"10":2,"11":2,"12":2},"f":{"0":4,"1":6,"2":4},"b":{"0":[2,2],"1":[4,3],"2":[1,1],"3":[1,1]},"_coverageSchema":"1a1c01bbd47fc00a2c39e90264f33305004495a9","hash":"3e7118a9dad3eec618623de70672ce344583967c"}
,"/home/ismail8ahmed/open_sacramento/openbudgetsac.org/_src/js/compare/api.ts": {"path":"/home/ismail8ahmed/open_sacramento/openbudgetsac.org/_src/js/compare/api.ts","statementMap":{"0":{"start":{"line":11,"column":17},"end":{"line":11,"column":32}},"1":{"start":{"line":13,"column":50},"end":{"line":16,"column":1}},"2":{"start":{"line":18,"column":59},"end":{"line":21,"column":1}},"3":{"start":{"line":23,"column":58},"end":{"line":26,"column":1}},"4":{"start":{"line":28,"column":27},"end":{"line":28,"column":32}},"5":{"start":{"line":29,"column":21},"end":{"line":29,"column":33}},"6":{"start":{"line":30,"column":30},"end":{"line":30,"column":31}},"7":{"start":{"line":47,"column":2},"end":{"line":51,"column":28}},"8":{"start":{"line":61,"column":15},"end":{"line":61,"column":51}},"9":{"start":{"line":62,"column":15},"end":{"line":62,"column":65}},"10":{"start":{"line":63,"column":2},"end":{"line":63,"column":35}},"11":{"start":{"line":75,"column":2},"end":{"line":75,"column":102}},"12":{"start":{"line":85,"column":17},"end":{"line":85,"column":33}},"13":{"start":{"line":86,"column":2},"end":{"line":86,"column":46}},"14":{"start":{"line":104,"column":2},"end":{"line":106,"column":3}},"15":{"start":{"line":105,"column":4},"end":{"line":105,"column":57}},"16":{"start":{"line":107,"column":2},"end":{"line":109,"column":3}},"17":{"start":{"line":107,"column":29},"end":{"line":107,"column":80}},"18":{"start":{"line":108,"column":4},"end":{"line":108,"column":50}},"19":{"start":{"line":110,"column":2},"end":{"line":113,"column":3}},"20":{"start":{"line":112,"column":4},"end":{"line":112,"column":64}},"21":{"start":{"line":131,"column":2},"end":{"line":131,"column":65}},"22":{"start":{"line":132,"column":15},"end":{"line":132,"column":77}},"23":{"start":{"line":132,"column":35},"end":{"line":132,"column":76}},"24":{"start":{"line":134,"column":2},"end":{"line":159,"column":3}},"25":{"start":{"line":135,"column":22},"end":{"line":137,"column":5}},"26":{"start":{"line":136,"column":24},"end":{"line":136,"column":90}},"27":{"start":{"line":139,"column":20},"end":{"line":153,"column":6}},"28":{"start":{"line":140,"column":6},"end":{"line":142,"column":7}},"29":{"start":{"line":141,"column":8},"end":{"line":141,"column":77}},"30":{"start":{"line":144,"column":6},"end":{"line":152,"column":13}},"31":{"start":{"line":145,"column":8},"end":{"line":150,"column":9}},"32":{"start":{"line":146,"column":22},"end":{"line":146,"column":51}},"33":{"start":{"line":147,"column":10},"end":{"line":149,"column":11}},"34":{"start":{"line":148,"column":12},"end":{"line":148,"column":60}},"35":{"start":{"line":151,"column":8},"end":{"line":151,"column":27}},"36":{"start":{"line":155,"column":4},"end":{"line":155,"column":48}},"37":{"start":{"line":157,"column":4},"end":{"line":157,"column":67}},"38":{"start":{"line":158,"column":4},"end":{"line":158,"column":16}},"39":{"start":{"line":168,"column":2},"end":{"line":192,"column":3}},"40":{"start":{"line":169,"column":21},"end":{"line":172,"column":5}},"41":{"start":{"line":174,"column":17},"end":{"line":174,"column":30}},"42":{"start":{"line":175,"column":4},"end":{"line":177,"column":5}},"43":{"start":{"line":176,"column":6},"end":{"line":176,"column":59}},"44":{"start":{"line":179,"column":4},"end":{"line":186,"column":7}},"45":{"start":{"line":180,"column":24},"end":{"line":180,"column":48}},"46":{"start":{"line":181,"column":25},"end":{"line":181,"column":50}},"47":{"start":{"line":182,"column":6},"end":{"line":184,"column":7}},"48":{"start":{"line":183,"column":8},"end":{"line":183,"column":17}},"49":{"start":{"line":185,"column":6},"end":{"line":185,"column":45}},"50":{"start":{"line":188,"column":4},"end":{"line":188,"column":16}},"51":{"start":{"line":190,"column":4},"end":{"line":190,"column":59}},"52":{"start":{"line":191,"column":4},"end":{"line":191,"column":16}}},"fnMap":{"0":{"name":"isSafeBreakdownKey","decl":{"start":{"line":46,"column":9},"end":{"line":46,"column":27}},"loc":{"start":{"line":46,"column":61},"end":{"line":52,"column":1}},"line":46},"1":{"name":"getTotalsSortIndex","decl":{"start":{"line":60,"column":9},"end":{"line":60,"column":27}},"loc":{"start":{"line":60,"column":101},"end":{"line":64,"column":1}},"line":60},"2":{"name":"createBreakdownUrl","decl":{"start":{"line":74,"column":9},"end":{"line":74,"column":27}},"loc":{"start":{"line":74,"column":103},"end":{"line":76,"column":1}},"line":74},"3":{"name":"parseNumericTotal","decl":{"start":{"line":84,"column":9},"end":{"line":84,"column":26}},"loc":{"start":{"line":84,"column":54},"end":{"line":87,"column":1}},"line":84},"4":{"name":"assertValidBreakdownRequest","decl":{"start":{"line":98,"column":9},"end":{"line":98,"column":36}},"loc":{"start":{"line":103,"column":34},"end":{"line":114,"column":1}},"line":103},"5":{"name":"(anonymous_5)","decl":{"start":{"line":107,"column":19},"end":{"line":107,"column":20}},"loc":{"start":{"line":107,"column":29},"end":{"line":107,"column":80}},"line":107},"6":{"name":"fetchBreakdownData","decl":{"start":{"line":125,"column":15},"end":{"line":125,"column":33}},"loc":{"start":{"line":130,"column":32},"end":{"line":160,"column":1}},"line":130},"7":{"name":"(anonymous_7)","decl":{"start":{"line":132,"column":25},"end":{"line":132,"column":26}},"loc":{"start":{"line":132,"column":35},"end":{"line":132,"column":76}},"line":132},"8":{"name":"(anonymous_8)","decl":{"start":{"line":136,"column":15},"end":{"line":136,"column":16}},"loc":{"start":{"line":136,"column":24},"end":{"line":136,"column":90}},"line":136},"9":{"name":"(anonymous_9)","decl":{"start":{"line":139,"column":34},"end":{"line":139,"column":35}},"loc":{"start":{"line":139,"column":55},"end":{"line":153,"column":5}},"line":139},"10":{"name":"(anonymous_10)","decl":{"start":{"line":144,"column":58},"end":{"line":144,"column":59}},"loc":{"start":{"line":144,"column":80},"end":{"line":152,"column":7}},"line":144},"11":{"name":"fetchTotals","decl":{"start":{"line":167,"column":15},"end":{"line":167,"column":26}},"loc":{"start":{"line":167,"column":59},"end":{"line":193,"column":1}},"line":167},"12":{"name":"(anonymous_12)","decl":{"start":{"line":179,"column":14},"end":{"line":179,"column":15}},"loc":{"start":{"line":179,"column":31},"end":{"line":186,"column":5}},"line":179}},"branchMap":{"0":{"loc":{"start":{"line":47,"column":9},"end":{"line":51,"column":27}},"type":"binary-expr","locations":[{"start":{"line":47,"column":9},"end":{"line":47,"column":34}},{"start":{"line":48,"column":4},"end":{"line":48,"column":20}},{"start":{"line":49,"column":4},"end":{"line":49,"column":25}},{"start":{"line":50,"column":4},"end":{"line":50,"column":25}},{"start":{"line":51,"column":4},"end":{"line":51,"column":27}}],"line":47},"1":{"loc":{"start":{"line":86,"column":9},"end":{"line":86,"column":45}},"type":"cond-expr","locations":[{"start":{"line":86,"column":35},"end":{"line":86,"column":41}},{"start":{"line":86,"column":44},"end":{"line":86,"column":45}}],"line":86},"2":{"loc":{"start":{"line":104,"column":2},"end":{"line":106,"column":3}},"type":"if","locations":[{"start":{"line":104,"column":2},"end":{"line":106,"column":3}},{"start":{},"end":{}}],"line":104},"3":{"loc":{"start":{"line":104,"column":6},"end":{"line":104,"column":115}},"type":"binary-expr","locations":[{"start":{"line":104,"column":6},"end":{"line":104,"column":27}},{"start":{"line":104,"column":31},"end":{"line":104,"column":56}},{"start":{"line":104,"column":60},"end":{"line":104,"column":93}},{"start":{"line":104,"column":97},"end":{"line":104,"column":115}}],"line":104},"4":{"loc":{"start":{"line":107,"column":2},"end":{"line":109,"column":3}},"type":"if","locations":[{"start":{"line":107,"column":2},"end":{"line":109,"column":3}},{"start":{},"end":{}}],"line":107},"5":{"loc":{"start":{"line":107,"column":29},"end":{"line":107,"column":80}},"type":"binary-expr","locations":[{"start":{"line":107,"column":29},"end":{"line":107,"column":53}},{"start":{"line":107,"column":57},"end":{"line":107,"column":80}}],"line":107},"6":{"loc":{"start":{"line":110,"column":2},"end":{"line":113,"column":3}},"type":"if","locations":[{"start":{"line":110,"column":2},"end":{"line":113,"column":3}},{"start":{},"end":{}}],"line":110},"7":{"loc":{"start":{"line":110,"column":6},"end":{"line":111,"column":68}},"type":"binary-expr","locations":[{"start":{"line":110,"column":6},"end":{"line":110,"column":60}},{"start":{"line":111,"column":4},"end":{"line":111,"column":68}}],"line":110},"8":{"loc":{"start":{"line":140,"column":6},"end":{"line":142,"column":7}},"type":"if","locations":[{"start":{"line":140,"column":6},"end":{"line":142,"column":7}},{"start":{},"end":{}}],"line":140},"9":{"loc":{"start":{"line":145,"column":8},"end":{"line":150,"column":9}},"type":"if","locations":[{"start":{"line":145,"column":8},"end":{"line":150,"column":9}},{"start":{},"end":{}}],"line":145},"10":{"loc":{"start":{"line":147,"column":10},"end":{"line":149,"column":11}},"type":"if","locations":[{"start":{"line":147,"column":10},"end":{"line":149,"column":11}},{"start":{},"end":{}}],"line":147},"11":{"loc":{"start":{"line":155,"column":12},"end":{"line":155,"column":28}},"type":"binary-expr","locations":[{"start":{"line":155,"column":12},"end":{"line":155,"column":22}},{"start":{"line":155,"column":26},"end":{"line":155,"column":28}}],"line":155},"12":{"loc":{"start":{"line":155,"column":30},"end":{"line":155,"column":46}},"type":"binary-expr","locations":[{"start":{"line":155,"column":30},"end":{"line":155,"column":40}},{"start":{"line":155,"column":44},"end":{"line":155,"column":46}}],"line":155},"13":{"loc":{"start":{"line":175,"column":4},"end":{"line":177,"column":5}},"type":"if","locations":[{"start":{"line":175,"column":4},"end":{"line":177,"column":5}},{"start":{},"end":{}}],"line":175},"14":{"loc":{"start":{"line":182,"column":6},"end":{"line":184,"column":7}},"type":"if","locations":[{"start":{"line":182,"column":6},"end":{"line":184,"column":7}},{"start":{},"end":{}}],"line":182},"15":{"loc":{"start":{"line":185,"column":13},"end":{"line":185,"column":44}},"type":"cond-expr","locations":[{"start":{"line":185,"column":38},"end":{"line":185,"column":40}},{"start":{"line":185,"column":43},"end":{"line":185,"column":44}}],"line":185}},"s":{"0":1,"1":1,"2":1,"3":1,"4":1,"5":1,"6":1,"7":6,"8":6,"9":6,"10":6,"11":6,"12":4,"13":4,"14":7,"15":1,"16":6,"17":9,"18":1,"19":5,"20":2,"21":7,"22":3,"23":6,"24":3,"25":3,"26":6,"27":3,"28":5,"29":1,"30":4,"31":8,"32":6,"33":6,"34":4,"35":8,"36":2,"37":1,"38":1,"39":3,"40":3,"41":3,"42":3,"43":1,"44":2,"45":3,"46":3,"47":3,"48":1,"49":2,"50":2,"51":1,"52":1},"f":{"0":6,"1":6,"2":6,"3":4,"4":7,"5":9,"6":7,"7":6,"8":6,"9":5,"10":8,"11":3,"12":3},"b":{"0":[6,6,6,5,5],"1":[3,1],"2":[1,6],"3":[7,7,7,6],"4":[1,5],"5":[9,9],"6":[2,3],"7":[5,4],"8":[1,4],"9":[6,2],"10":[4,2],"11":[2,0],"12":[2,0],"13":[1,2],"14":[1,2],"15":[2,0]},"_coverageSchema":"1a1c01bbd47fc00a2c39e90264f33305004495a9","hash":"b950bce1c155c979f0c5d4f218c883ce3bd47dbd"}
,"/home/ismail8ahmed/open_sacramento/openbudgetsac.org/_src/js/compare/i18n.ts": {"path":"/home/ismail8ahmed/open_sacramento/openbudgetsac.org/_src/js/compare/i18n.ts","statementMap":{"0":{"start":{"line":3,"column":49},"end":{"line":3,"column":68}},"1":{"start":{"line":4,"column":40},"end":{"line":4,"column":47}},"2":{"start":{"line":12,"column":89},"end":{"line":151,"column":1}},"3":{"start":{"line":160,"column":2},"end":{"line":162,"column":3}},"4":{"start":{"line":161,"column":4},"end":{"line":161,"column":16}},"5":{"start":{"line":164,"column":21},"end":{"line":164,"column":47}},"6":{"start":{"line":165,"column":2},"end":{"line":167,"column":3}},"7":{"start":{"line":166,"column":4},"end":{"line":166,"column":20}},"8":{"start":{"line":168,"column":2},"end":{"line":170,"column":3}},"9":{"start":{"line":169,"column":4},"end":{"line":169,"column":19}},"10":{"start":{"line":172,"column":21},"end":{"line":174,"column":3}},"11":{"start":{"line":173,"column":18},"end":{"line":173,"column":55}},"12":{"start":{"line":175,"column":2},"end":{"line":175,"column":28}},"13":{"start":{"line":184,"column":2},"end":{"line":190,"column":3}},"14":{"start":{"line":185,"column":19},"end":{"line":185,"column":62}},"15":{"start":{"line":186,"column":22},"end":{"line":186,"column":59}},"16":{"start":{"line":187,"column":4},"end":{"line":189,"column":5}},"17":{"start":{"line":188,"column":6},"end":{"line":188,"column":23}},"18":{"start":{"line":192,"column":2},"end":{"line":197,"column":3}},"19":{"start":{"line":193,"column":21},"end":{"line":193,"column":69}},"20":{"start":{"line":194,"column":4},"end":{"line":196,"column":5}},"21":{"start":{"line":195,"column":6},"end":{"line":195,"column":22}},"22":{"start":{"line":199,"column":2},"end":{"line":212,"column":3}},"23":{"start":{"line":200,"column":22},"end":{"line":200,"column":83}},"24":{"start":{"line":201,"column":4},"end":{"line":206,"column":5}},"25":{"start":{"line":202,"column":25},"end":{"line":202,"column":52}},"26":{"start":{"line":203,"column":6},"end":{"line":205,"column":7}},"27":{"start":{"line":204,"column":8},"end":{"line":204,"column":26}},"28":{"start":{"line":208,"column":26},"end":{"line":208,"column":63}},"29":{"start":{"line":209,"column":4},"end":{"line":211,"column":5}},"30":{"start":{"line":210,"column":6},"end":{"line":210,"column":27}},"31":{"start":{"line":214,"column":2},"end":{"line":214,"column":27}},"32":{"start":{"line":217,"column":36},"end":{"line":217,"column":53}},"33":{"start":{"line":227,"column":15},"end":{"line":227,"column":37}},"34":{"start":{"line":228,"column":45},"end":{"line":228,"column":76}},"35":{"start":{"line":230,"column":2},"end":{"line":235,"column":3}},"36":{"start":{"line":231,"column":4},"end":{"line":233,"column":5}},"37":{"start":{"line":232,"column":6},"end":{"line":232,"column":18}},"38":{"start":{"line":234,"column":4},"end":{"line":234,"column":29}},"39":{"start":{"line":237,"column":2},"end":{"line":237,"column":52}},"40":{"start":{"line":248,"column":2},"end":{"line":250,"column":3}},"41":{"start":{"line":249,"column":4},"end":{"line":249,"column":20}},"42":{"start":{"line":252,"column":2},"end":{"line":256,"column":5}},"43":{"start":{"line":253,"column":4},"end":{"line":255,"column":9}},"44":{"start":{"line":266,"column":2},"end":{"line":266,"column":69}},"45":{"start":{"line":267,"column":2},"end":{"line":269,"column":3}},"46":{"start":{"line":268,"column":4},"end":{"line":268,"column":52}},"47":{"start":{"line":270,"column":2},"end":{"line":270,"column":25}},"48":{"start":{"line":279,"column":2},"end":{"line":279,"column":25}},"49":{"start":{"line":290,"column":20},"end":{"line":290,"column":55}},"50":{"start":{"line":291,"column":19},"end":{"line":291,"column":56}},"51":{"start":{"line":292,"column":18},"end":{"line":292,"column":54}},"52":{"start":{"line":293,"column":2},"end":{"line":293,"column":39}},"53":{"start":{"line":296,"column":0},"end":{"line":296,"column":29}},"54":{"start":{"line":298,"column":13},"end":{"line":302,"column":1}},"55":{"start":{"line":304,"column":0},"end":{"line":306,"column":3}}},"fnMap":{"0":{"name":"normalizeLanguage","decl":{"start":{"line":159,"column":9},"end":{"line":159,"column":26}},"loc":{"start":{"line":159,"column":64},"end":{"line":176,"column":1}},"line":159},"1":{"name":"(anonymous_1)","decl":{"start":{"line":173,"column":4},"end":{"line":173,"column":5}},"loc":{"start":{"line":173,"column":18},"end":{"line":173,"column":55}},"line":173},"2":{"name":"resolveLanguage","decl":{"start":{"line":183,"column":9},"end":{"line":183,"column":24}},"loc":{"start":{"line":183,"column":41},"end":{"line":215,"column":1}},"line":183},"3":{"name":"lookupMessage","decl":{"start":{"line":226,"column":9},"end":{"line":226,"column":22}},"loc":{"start":{"line":226,"column":75},"end":{"line":238,"column":1}},"line":226},"4":{"name":"interpolate","decl":{"start":{"line":247,"column":9},"end":{"line":247,"column":20}},"loc":{"start":{"line":247,"column":81},"end":{"line":257,"column":1}},"line":247},"5":{"name":"(anonymous_5)","decl":{"start":{"line":252,"column":44},"end":{"line":252,"column":45}},"loc":{"start":{"line":252,"column":70},"end":{"line":256,"column":3}},"line":252},"6":{"name":"setLanguage","decl":{"start":{"line":265,"column":9},"end":{"line":265,"column":20}},"loc":{"start":{"line":265,"column":53},"end":{"line":271,"column":1}},"line":265},"7":{"name":"getLanguage","decl":{"start":{"line":278,"column":9},"end":{"line":278,"column":20}},"loc":{"start":{"line":278,"column":37},"end":{"line":280,"column":1}},"line":278},"8":{"name":"t","decl":{"start":{"line":289,"column":9},"end":{"line":289,"column":10}},"loc":{"start":{"line":289,"column":67},"end":{"line":294,"column":1}},"line":289}},"branchMap":{"0":{"loc":{"start":{"line":160,"column":2},"end":{"line":162,"column":3}},"type":"if","locations":[{"start":{"line":160,"column":2},"end":{"line":162,"column":3}},{"start":{},"end":{}}],"line":160},"1":{"loc":{"start":{"line":160,"column":6},"end":{"line":160,"column":41}},"type":"binary-expr","locations":[{"start":{"line":160,"column":6},"end":{"line":160,"column":12}},{"start":{"line":160,"column":16},"end":{"line":160,"column":41}}],"line":160},"2":{"loc":{"start":{"line":165,"column":2},"end":{"line":167,"column":3}},"type":"if","locations":[{"start":{"line":165,"column":2},"end":{"line":167,"column":3}},{"start":{},"end":{}}],"line":165},"3":{"loc":{"start":{"line":165,"column":6},"end":{"line":165,"column":57}},"type":"binary-expr","locations":[{"start":{"line":165,"column":6},"end":{"line":165,"column":25}},{"start":{"line":165,"column":29},"end":{"line":165,"column":57}}],"line":165},"4":{"loc":{"start":{"line":168,"column":2},"end":{"line":170,"column":3}},"type":"if","locations":[{"start":{"line":168,"column":2},"end":{"line":170,"column":3}},{"start":{},"end":{}}],"line":168},"5":{"loc":{"start":{"line":168,"column":6},"end":{"line":168,"column":57}},"type":"binary-expr","locations":[{"start":{"line":168,"column":6},"end":{"line":168,"column":25}},{"start":{"line":168,"column":29},"end":{"line":168,"column":57}}],"line":168},"6":{"loc":{"start":{"line":175,"column":9},"end":{"line":175,"column":27}},"type":"binary-expr","locations":[{"start":{"line":175,"column":9},"end":{"line":175,"column":19}},{"start":{"line":175,"column":23},"end":{"line":175,"column":27}}],"line":175},"7":{"loc":{"start":{"line":184,"column":2},"end":{"line":190,"column":3}},"type":"if","locations":[{"start":{"line":184,"column":2},"end":{"line":190,"column":3}},{"start":{},"end":{}}],"line":184},"8":{"loc":{"start":{"line":184,"column":6},"end":{"line":184,"column":81}},"type":"binary-expr","locations":[{"start":{"line":184,"column":6},"end":{"line":184,"column":35}},{"start":{"line":184,"column":39},"end":{"line":184,"column":81}}],"line":184},"9":{"loc":{"start":{"line":187,"column":4},"end":{"line":189,"column":5}},"type":"if","locations":[{"start":{"line":187,"column":4},"end":{"line":189,"column":5}},{"start":{},"end":{}}],"line":187},"10":{"loc":{"start":{"line":192,"column":2},"end":{"line":197,"column":3}},"type":"if","locations":[{"start":{"line":192,"column":2},"end":{"line":197,"column":3}},{"start":{},"end":{}}],"line":192},"11":{"loc":{"start":{"line":194,"column":4},"end":{"line":196,"column":5}},"type":"if","locations":[{"start":{"line":194,"column":4},"end":{"line":196,"column":5}},{"start":{},"end":{}}],"line":194},"12":{"loc":{"start":{"line":199,"column":2},"end":{"line":212,"column":3}},"type":"if","locations":[{"start":{"line":199,"column":2},"end":{"line":212,"column":3}},{"start":{},"end":{}}],"line":199},"13":{"loc":{"start":{"line":200,"column":22},"end":{"line":200,"column":83}},"type":"cond-expr","locations":[{"start":{"line":200,"column":59},"end":{"line":200,"column":78}},{"start":{"line":200,"column":81},"end":{"line":200,"column":83}}],"line":200},"14":{"loc":{"start":{"line":203,"column":6},"end":{"line":205,"column":7}},"type":"if","locations":[{"start":{"line":203,"column":6},"end":{"line":205,"column":7}},{"start":{},"end":{}}],"line":203},"15":{"loc":{"start":{"line":209,"column":4},"end":{"line":211,"column":5}},"type":"if","locations":[{"start":{"line":209,"column":4},"end":{"line":211,"column":5}},{"start":{},"end":{}}],"line":209},"16":{"loc":{"start":{"line":231,"column":4},"end":{"line":233,"column":5}},"type":"if","locations":[{"start":{"line":231,"column":4},"end":{"line":233,"column":5}},{"start":{},"end":{}}],"line":231},"17":{"loc":{"start":{"line":231,"column":8},"end":{"line":231,"column":45}},"type":"binary-expr","locations":[{"start":{"line":231,"column":8},"end":{"line":231,"column":15}},{"start":{"line":231,"column":19},"end":{"line":231,"column":45}}],"line":231},"18":{"loc":{"start":{"line":237,"column":9},"end":{"line":237,"column":51}},"type":"cond-expr","locations":[{"start":{"line":237,"column":38},"end":{"line":237,"column":44}},{"start":{"line":237,"column":47},"end":{"line":237,"column":51}}],"line":237},"19":{"loc":{"start":{"line":248,"column":2},"end":{"line":250,"column":3}},"type":"if","locations":[{"start":{"line":248,"column":2},"end":{"line":250,"column":3}},{"start":{},"end":{}}],"line":248},"20":{"loc":{"start":{"line":253,"column":11},"end":{"line":255,"column":8}},"type":"cond-expr","locations":[{"start":{"line":254,"column":6},"end":{"line":254,"column":27}},{"start":{"line":255,"column":6},"end":{"line":255,"column":8}}],"line":253},"21":{"loc":{"start":{"line":266,"column":20},"end":{"line":266,"column":68}},"type":"binary-expr","locations":[{"start":{"line":266,"column":20},"end":{"line":266,"column":47}},{"start":{"line":266,"column":51},"end":{"line":266,"column":68}}],"line":266},"22":{"loc":{"start":{"line":267,"column":2},"end":{"line":269,"column":3}},"type":"if","locations":[{"start":{"line":267,"column":2},"end":{"line":269,"column":3}},{"start":{},"end":{}}],"line":267},"23":{"loc":{"start":{"line":292,"column":18},"end":{"line":292,"column":54}},"type":"binary-expr","locations":[{"start":{"line":292,"column":18},"end":{"line":292,"column":27}},{"start":{"line":292,"column":31},"end":{"line":292,"column":39}},{"start":{"line":292,"column":43},"end":{"line":292,"column":54}}],"line":292}},"s":{"0":11,"1":11,"2":11,"3":57,"4":17,"5":40,"6":40,"7":11,"8":29,"9":18,"10":11,"11":22,"12":11,"13":16,"14":16,"15":16,"16":16,"17":2,"18":14,"19":14,"20":14,"21":6,"22":8,"23":8,"24":8,"25":10,"26":10,"27":6,"28":2,"29":2,"30":1,"31":1,"32":11,"33":264,"34":264,"35":264,"36":600,"37":2,"38":598,"39":262,"40":132,"41":101,"42":31,"43":31,"44":15,"45":15,"46":15,"47":15,"48":1,"49":132,"50":132,"51":132,"52":132,"53":11,"54":11,"55":11},"f":{"0":57,"1":22,"2":16,"3":264,"4":132,"5":31,"6":15,"7":1,"8":132},"b":{"0":[17,40],"1":[57,40],"2":[11,29],"3":[40,40],"4":[18,11],"5":[29,29],"6":[11,11],"7":[16,0],"8":[16,16],"9":[2,14],"10":[14,0],"11":[6,8],"12":[8,0],"13":[8,0],"14":[6,4],"15":[1,1],"16":[2,598],"17":[600,598],"18":[262,0],"19":[101,31],"20":[31,0],"21":[15,1],"22":[15,0],"23":[132,1,1]},"_coverageSchema":"1a1c01bbd47fc00a2c39e90264f33305004495a9","hash":"9ee6dbc62ebff2149d8b3ed89efb712472b4e1ab"}
,"/home/ismail8ahmed/open_sacramento/openbudgetsac.org/_src/js/compare/utils.tsx": {"path":"/home/ismail8ahmed/open_sacramento/openbudgetsac.org/_src/js/compare/utils.tsx","statementMap":{"0":{"start":{"line":15,"column":0},"end":{"line":15,"column":74}},"1":{"start":{"line":17,"column":22},"end":{"line":17,"column":37}},"2":{"start":{"line":18,"column":25},"end":{"line":18,"column":38}},"3":{"start":{"line":19,"column":21},"end":{"line":19,"column":35}},"4":{"start":{"line":21,"column":52},"end":{"line":25,"column":1}},"5":{"start":{"line":34,"column":2},"end":{"line":36,"column":3}},"6":{"start":{"line":35,"column":4},"end":{"line":35,"column":60}},"7":{"start":{"line":37,"column":2},"end":{"line":37,"column":23}},"8":{"start":{"line":40,"column":40},"end":{"line":62,"column":1}},"9":{"start":{"line":48,"column":24},"end":{"line":48,"column":45}},"10":{"start":{"line":49,"column":10},"end":{"line":49,"column":68}},"11":{"start":{"line":58,"column":37},"end":{"line":58,"column":66}},"12":{"start":{"line":71,"column":18},"end":{"line":71,"column":35}},"13":{"start":{"line":72,"column":2},"end":{"line":76,"column":5}},"14":{"start":{"line":73,"column":4},"end":{"line":75,"column":7}},"15":{"start":{"line":74,"column":6},"end":{"line":74,"column":23}},"16":{"start":{"line":77,"column":2},"end":{"line":77,"column":36}},"17":{"start":{"line":88,"column":2},"end":{"line":90,"column":3}},"18":{"start":{"line":89,"column":4},"end":{"line":89,"column":32}},"19":{"start":{"line":91,"column":2},"end":{"line":91,"column":50}},"20":{"start":{"line":107,"column":18},"end":{"line":109,"column":5}},"21":{"start":{"line":111,"column":4},"end":{"line":111,"column":84}}},"fnMap":{"0":{"name":"translateDataLabel","decl":{"start":{"line":33,"column":9},"end":{"line":33,"column":27}},"loc":{"start":{"line":33,"column":51},"end":{"line":38,"column":1}},"line":33},"1":{"name":"(anonymous_1)","decl":{"start":{"line":47,"column":15},"end":{"line":47,"column":16}},"loc":{"start":{"line":47,"column":33},"end":{"line":50,"column":9}},"line":47},"2":{"name":"(anonymous_2)","decl":{"start":{"line":58,"column":18},"end":{"line":58,"column":19}},"loc":{"start":{"line":58,"column":37},"end":{"line":58,"column":66}},"line":58},"3":{"name":"getSortedBudgetKeys","decl":{"start":{"line":70,"column":9},"end":{"line":70,"column":28}},"loc":{"start":{"line":70,"column":75},"end":{"line":78,"column":1}},"line":70},"4":{"name":"(anonymous_4)","decl":{"start":{"line":72,"column":19},"end":{"line":72,"column":20}},"loc":{"start":{"line":72,"column":31},"end":{"line":76,"column":3}},"line":72},"5":{"name":"(anonymous_5)","decl":{"start":{"line":73,"column":38},"end":{"line":73,"column":39}},"loc":{"start":{"line":73,"column":47},"end":{"line":75,"column":5}},"line":73},"6":{"name":"asDiff","decl":{"start":{"line":87,"column":9},"end":{"line":87,"column":15}},"loc":{"start":{"line":87,"column":56},"end":{"line":92,"column":1}},"line":87},"7":{"name":"(anonymous_7)","decl":{"start":{"line":106,"column":0},"end":{"line":106,"column":1}},"loc":{"start":{"line":106,"column":28},"end":{"line":112,"column":3}},"line":106}},"branchMap":{"0":{"loc":{"start":{"line":34,"column":2},"end":{"line":36,"column":3}},"type":"if","locations":[{"start":{"line":34,"column":2},"end":{"line":36,"column":3}},{"start":{},"end":{}}],"line":34},"1":{"loc":{"start":{"line":34,"column":6},"end":{"line":34,"column":95}},"type":"binary-expr","locations":[{"start":{"line":34,"column":6},"end":{"line":34,"column":35}},{"start":{"line":34,"column":39},"end":{"line":34,"column":95}}],"line":34},"2":{"loc":{"start":{"line":73,"column":16},"end":{"line":73,"column":28}},"type":"binary-expr","locations":[{"start":{"line":73,"column":16},"end":{"line":73,"column":22}},{"start":{"line":73,"column":26},"end":{"line":73,"column":28}}],"line":73},"3":{"loc":{"start":{"line":88,"column":2},"end":{"line":90,"column":3}},"type":"if","locations":[{"start":{"line":88,"column":2},"end":{"line":90,"column":3}},{"start":{},"end":{}}],"line":88},"4":{"loc":{"start":{"line":91,"column":9},"end":{"line":91,"column":49}},"type":"cond-expr","locations":[{"start":{"line":91,"column":18},"end":{"line":91,"column":30}},{"start":{"line":91,"column":33},"end":{"line":91,"column":49}}],"line":91},"5":{"loc":{"start":{"line":108,"column":13},"end":{"line":108,"column":81}},"type":"cond-expr","locations":[{"start":{"line":108,"column":36},"end":{"line":108,"column":57}},{"start":{"line":108,"column":60},"end":{"line":108,"column":81}}],"line":108}},"s":{"0":4,"1":4,"2":4,"3":4,"4":4,"5":157,"6":2,"7":155,"8":4,"9":1,"10":1,"11":1,"12":14,"13":14,"14":28,"15":318,"16":14,"17":161,"18":3,"19":158,"20":158,"21":158},"f":{"0":157,"1":1,"2":1,"3":14,"4":28,"5":318,"6":161,"7":158},"b":{"0":[2,155],"1":[157,157],"2":[28,0],"3":[3,158],"4":[3,155],"5":[155,3]},"_coverageSchema":"1a1c01bbd47fc00a2c39e90264f33305004495a9","hash":"1389beb4463d1f2c4e5754e7dd167122e78787d5"}
}
