TN:
SF:js/compare/Breakdown.jsx
FN:7,areSameYears
FN:11,(anonymous_1)
FN:30,(anonymous_2)
FN:46,(anonymous_3)
FN:56,(anonymous_4)
FN:70,(anonymous_5)
FN:74,(anonymous_6)
FN:75,(anonymous_7)
FN:76,(anonymous_8)
FN:78,(anonymous_9)
FN:84,(anonymous_10)
FN:99,(anonymous_11)
FNF:12
FNH:11
FNDA:3,areSameYears
FNDA:6,(anonymous_1)
FNDA:2,(anonymous_2)
FNDA:2,(anonymous_3)
FNDA:3,(anonymous_4)
FNDA:2,(anonymous_5)
FNDA:3,(anonymous_6)
FNDA:2,(anonymous_7)
FNDA:2,(anonymous_8)
FNDA:1,(anonymous_9)
FNDA:0,(anonymous_10)
FNDA:5,(anonymous_11)
DA:8,3
DA:9,0
DA:11,3
DA:12,6
DA:13,6
DA:14,2
DA:16,4
DA:17,0
DA:19,4
DA:31,2
DA:32,2
DA:37,2
DA:38,2
DA:47,2
DA:57,3
DA:60,0
DA:71,2
DA:72,2
DA:73,2
DA:74,3
DA:75,2
DA:76,2
DA:77,1
DA:79,1
DA:80,0
DA:82,1
DA:85,0
DA:86,0
DA:88,0
DA:89,0
DA:100,5
DA:101,4
DA:103,1
DA:104,0
DA:107,1
LF:35
LH:26
BRDA:8,0,0,0
BRDA:8,0,1,3
BRDA:8,1,0,3
BRDA:8,1,1,3
BRDA:8,1,2,3
BRDA:13,2,0,2
BRDA:13,2,1,4
BRDA:13,3,0,6
BRDA:13,3,1,2
BRDA:16,4,0,0
BRDA:16,4,1,4
BRDA:16,5,0,4
BRDA:16,5,1,4
BRDA:19,6,0,4
BRDA:19,6,1,4
BRDA:57,7,0,0
BRDA:57,7,1,3
BRDA:57,8,0,3
BRDA:57,8,1,3
BRDA:57,8,2,3
BRDA:74,9,0,1
BRDA:74,9,1,1
BRDA:74,10,0,2
BRDA:74,10,1,2
BRDA:79,11,0,0
BRDA:79,11,1,1
BRDA:85,12,0,0
BRDA:85,12,1,0
BRDA:100,13,0,4
BRDA:100,13,1,1
BRDA:103,14,0,0
BRDA:103,14,1,1
BRF:32
BRH:25
end_of_record
TN:
SF:js/compare/DiffTable.jsx
FN:14,(anonymous_0)
FN:30,(anonymous_1)
FN:40,(anonymous_2)
FN:49,(anonymous_3)
FN:56,(anonymous_4)
FN:59,(anonymous_5)
FN:63,(anonymous_6)
FN:79,(anonymous_7)
FN:85,(anonymous_8)
FNF:9
FNH:6
FNDA:1,(anonymous_0)
FNDA:0,(anonymous_1)
FNDA:0,(anonymous_2)
FNDA:1,(anonymous_3)
FNDA:1,(anonymous_4)
FNDA:1,(anonymous_5)
FNDA:1,(anonymous_6)
FNDA:0,(anonymous_7)
FNDA:1,(anonymous_8)
DA:15,1
DA:16,1
DA:20,1
DA:21,1
DA:31,0
DA:32,0
DA:41,0
DA:50,1
DA:51,1
DA:52,1
DA:55,1
DA:56,1
DA:57,1
DA:59,1
DA:60,1
DA:63,1
DA:64,1
DA:69,1
DA:70,1
DA:71,1
DA:72,0
DA:75,0
DA:77,1
DA:80,0
DA:83,1
DA:85,1
DA:86,1
DA:101,1
DA:109,1
DA:143,1
LF:30
LH:24
BRDA:50,0,0,1
BRDA:50,0,1,0
BRDA:52,1,0,0
BRDA:52,1,1,1
BRDA:69,2,0,1
BRDA:69,2,1,0
BRDA:69,3,0,1
BRDA:69,3,1,1
BRDA:70,4,0,1
BRDA:70,4,1,0
BRDA:71,5,0,0
BRDA:71,5,1,1
BRDA:83,6,0,0
BRDA:83,6,1,1
BRDA:114,7,0,1
BRDA:114,7,1,0
BRDA:126,8,0,0
BRDA:126,8,1,0
BRDA:128,9,0,0
BRDA:128,9,1,0
BRDA:175,10,0,0
BRDA:175,10,1,1
BRDA:175,11,0,1
BRDA:175,11,1,1
BRF:24
BRH:12
end_of_record
TN:
SF:js/compare/Total.jsx
FN:11,(anonymous_0)
FN:13,(anonymous_1)
FN:24,(anonymous_2)
FNF:3
FNH:3
FNDA:2,(anonymous_0)
FNDA:2,(anonymous_1)
FNDA:2,(anonymous_2)
DA:12,2
DA:13,2
DA:14,1
DA:17,1
DA:18,1
DA:19,1
DA:22,1
DA:25,2
DA:33,1
DA:47,1
LF:10
LH:10
BRDA:13,0,0,1
BRDA:13,0,1,1
BRDA:13,1,0,2
BRDA:13,1,1,1
BRDA:18,2,0,1
BRDA:18,2,1,0
BRF:6
BRH:5
end_of_record
TN:
SF:js/compare/api.js
FN:22,assertValidBreakdownRequest
FN:40,fetchBreakdownData
FN:43,(anonymous_2)
FN:47,(anonymous_3)
FN:48,(anonymous_4)
FN:49,(anonymous_5)
FN:53,(anonymous_6)
FN:66,(anonymous_7)
FN:78,fetchTotals
FN:79,(anonymous_9)
FN:85,(anonymous_10)
FN:87,(anonymous_11)
FN:99,(anonymous_12)
FNF:13
FNH:11
FNDA:1,assertValidBreakdownRequest
FNDA:1,fetchBreakdownData
FNDA:2,(anonymous_2)
FNDA:2,(anonymous_3)
FNDA:1,(anonymous_4)
FNDA:2,(anonymous_5)
FNDA:4,(anonymous_6)
FNDA:0,(anonymous_7)
FNDA:1,fetchTotals
FNDA:1,(anonymous_9)
FNDA:2,(anonymous_10)
FNDA:4,(anonymous_11)
FNDA:0,(anonymous_12)
DA:4,1
DA:6,1
DA:11,1
DA:16,1
DA:20,1
DA:23,1
DA:24,0
DA:26,1
DA:27,0
DA:41,1
DA:43,1
DA:44,2
DA:47,2
DA:49,1
DA:50,2
DA:51,0
DA:53,2
DA:55,4
DA:57,2
DA:58,2
DA:59,2
DA:62,4
DA:67,0
DA:68,0
DA:79,1
DA:80,1
DA:81,1
DA:82,0
DA:85,1
DA:87,2
DA:88,4
DA:90,4
DA:92,4
DA:95,2
DA:98,1
DA:100,0
DA:101,0
LF:37
LH:29
BRDA:23,0,0,0
BRDA:23,0,1,1
BRDA:23,1,0,1
BRDA:23,1,1,1
BRDA:23,1,2,1
BRDA:23,1,3,1
BRDA:26,2,0,0
BRDA:26,2,1,1
BRDA:26,3,0,1
BRDA:26,3,1,1
BRDA:50,4,0,0
BRDA:50,4,1,2
BRDA:50,5,0,2
BRDA:50,5,1,2
BRDA:55,6,0,2
BRDA:55,6,1,2
BRDA:58,7,0,2
BRDA:58,7,1,0
BRDA:58,8,0,2
BRDA:58,8,1,2
BRDA:59,9,0,2
BRDA:59,9,1,0
BRDA:81,10,0,0
BRDA:81,10,1,1
BRF:24
BRH:18
end_of_record
TN:
SF:js/compare/utils.jsx
FN:33,(anonymous_0)
FN:44,(anonymous_1)
FN:60,asDiff
FN:83,(anonymous_3)
FNF:4
FNH:2
FNDA:0,(anonymous_0)
FNDA:0,(anonymous_1)
FNDA:7,asDiff
FNDA:4,(anonymous_3)
DA:12,3
DA:14,3
DA:16,3
DA:18,3
DA:20,3
DA:26,3
DA:34,0
DA:35,0
DA:46,0
DA:62,7
DA:64,1
DA:66,6
DA:70,6
DA:71,3
DA:74,3
DA:84,4
DA:88,4
LF:17
LH:14
BRDA:62,0,0,1
BRDA:62,0,1,6
BRDA:70,1,0,3
BRDA:70,1,1,3
BRDA:85,2,0,3
BRDA:85,2,1,1
BRF:6
BRH:6
end_of_record
