TN:
SF:js/compare/Breakdown.tsx
FN:22,areSameYears
FN:23,(anonymous_1)
FN:42,hasCompleteYears
FN:72,(anonymous_3)
FN:87,(anonymous_4)
FN:97,(anonymous_5)
FN:111,(anonymous_6)
FN:120,(anonymous_7)
FN:121,(anonymous_8)
FN:123,(anonymous_9)
FN:129,(anonymous_10)
FN:143,(anonymous_11)
FNF:12
FNH:12
FNDA:9,areSameYears
FNDA:17,(anonymous_1)
FNDA:5,hasCompleteYears
FNDA:4,(anonymous_3)
FNDA:4,(anonymous_4)
FNDA:9,(anonymous_5)
FNDA:5,(anonymous_6)
FNDA:8,(anonymous_7)
FNDA:8,(anonymous_8)
FNDA:2,(anonymous_9)
FNDA:2,(anonymous_10)
FNDA:13,(anonymous_11)
DA:23,9
DA:24,17
DA:25,17
DA:26,2
DA:28,15
DA:29,0
DA:31,15
DA:43,5
DA:64,4
DA:73,4
DA:74,4
DA:79,4
DA:88,4
DA:98,9
DA:101,1
DA:112,5
DA:113,5
DA:114,5
DA:116,5
DA:117,1
DA:120,8
DA:121,8
DA:122,4
DA:124,2
DA:125,0
DA:127,2
DA:130,2
DA:131,1
DA:133,1
DA:134,1
DA:144,13
DA:145,10
DA:147,3
DA:148,1
DA:151,2
LF:35
LH:33
BRDA:25,0,0,2
BRDA:25,0,1,15
BRDA:25,1,0,17
BRDA:25,1,1,2
BRDA:28,2,0,0
BRDA:28,2,1,15
BRDA:28,3,0,15
BRDA:28,3,1,15
BRDA:31,4,0,15
BRDA:31,4,1,14
BRDA:98,5,0,1
BRDA:98,5,1,8
BRDA:98,6,0,9
BRDA:98,6,1,8
BRDA:98,6,2,8
BRDA:116,7,0,1
BRDA:116,7,1,4
BRDA:124,8,0,0
BRDA:124,8,1,2
BRDA:130,9,0,1
BRDA:130,9,1,1
BRDA:144,10,0,10
BRDA:144,10,1,3
BRDA:147,11,0,1
BRDA:147,11,1,2
BRF:25
BRH:23
end_of_record
TN:
SF:js/compare/DiffTable.tsx
FN:15,compareDesc
FN:29,compareAsc
FN:51,buildRowChartData
FN:91,(anonymous_3)
FN:107,(anonymous_4)
FN:116,(anonymous_5)
FN:126,(anonymous_6)
FN:140,(anonymous_7)
FN:147,(anonymous_8)
FN:162,(anonymous_9)
FN:168,(anonymous_10)
FNF:11
FNH:11
FNDA:143,compareDesc
FNDA:2,compareAsc
FNDA:154,buildRowChartData
FNDA:6,(anonymous_3)
FNDA:1,(anonymous_4)
FNDA:2,(anonymous_5)
FNDA:6,(anonymous_6)
FNDA:12,(anonymous_7)
FNDA:157,(anonymous_8)
FNDA:145,(anonymous_9)
FNDA:154,(anonymous_10)
DA:16,143
DA:17,140
DA:19,3
DA:30,2
DA:31,0
DA:33,2
DA:52,154
DA:92,6
DA:93,6
DA:97,6
DA:98,6
DA:108,1
DA:117,2
DA:127,6
DA:128,6
DA:130,6
DA:131,1
DA:141,12
DA:142,12
DA:143,12
DA:144,12
DA:146,12
DA:148,157
DA:154,157
DA:155,156
DA:156,156
DA:157,1
DA:160,157
DA:162,145
DA:164,12
DA:168,12
DA:169,154
DA:170,154
DA:171,154
DA:178,154
DA:213,12
LF:36
LH:35
BRDA:16,0,0,140
BRDA:16,0,1,3
BRDA:19,1,0,2
BRDA:19,1,1,1
BRDA:30,2,0,0
BRDA:30,2,1,2
BRDA:33,3,0,0
BRDA:33,3,1,2
BRDA:57,4,0,154
BRDA:57,4,1,1
BRDA:58,5,0,154
BRDA:58,5,1,2
BRDA:62,6,0,154
BRDA:62,6,1,1
BRDA:63,7,0,154
BRDA:63,7,1,2
BRDA:127,8,0,6
BRDA:127,8,1,2
BRDA:128,9,0,6
BRDA:128,9,1,2
BRDA:130,10,0,1
BRDA:130,10,1,5
BRDA:130,11,0,6
BRDA:130,11,1,4
BRDA:130,11,2,1
BRDA:141,12,0,11
BRDA:141,12,1,1
BRDA:142,13,0,12
BRDA:142,13,1,6
BRDA:144,14,0,7
BRDA:144,14,1,5
BRDA:154,15,0,156
BRDA:154,15,1,1
BRDA:154,16,0,157
BRDA:154,16,1,156
BRDA:155,17,0,156
BRDA:155,17,1,1
BRDA:156,18,0,1
BRDA:156,18,1,155
BRDA:164,19,0,4
BRDA:164,19,1,8
BRDA:183,20,0,29
BRDA:183,20,1,125
BRDA:195,21,0,125
BRDA:195,21,1,1
BRDA:197,22,0,125
BRDA:197,22,1,1
BRDA:249,23,0,3
BRDA:249,23,1,9
BRDA:249,24,0,12
BRDA:249,24,1,7
BRDA:249,24,2,6
BRF:52
BRH:50
end_of_record
TN:
SF:js/compare/Total.tsx
FN:22,(anonymous_0)
FN:24,(anonymous_1)
FN:36,(anonymous_2)
FNF:3
FNH:3
FNDA:4,(anonymous_0)
FNDA:6,(anonymous_1)
FNDA:4,(anonymous_2)
DA:23,4
DA:24,6
DA:25,2
DA:28,2
DA:29,2
DA:30,2
DA:31,1
DA:34,2
DA:36,4
DA:43,2
DA:56,2
DA:62,2
LF:12
LH:12
BRDA:24,0,0,2
BRDA:24,0,1,2
BRDA:24,1,0,4
BRDA:24,1,1,3
BRDA:30,2,0,1
BRDA:30,2,1,1
BRDA:59,3,0,1
BRDA:59,3,1,1
BRF:8
BRH:8
end_of_record
TN:
SF:js/compare/api.ts
FN:46,isSafeBreakdownKey
FN:60,getTotalsSortIndex
FN:74,createBreakdownUrl
FN:84,parseNumericTotal
FN:98,assertValidBreakdownRequest
FN:107,(anonymous_5)
FN:125,fetchBreakdownData
FN:132,(anonymous_7)
FN:136,(anonymous_8)
FN:139,(anonymous_9)
FN:144,(anonymous_10)
FN:167,fetchTotals
FN:179,(anonymous_12)
FNF:13
FNH:13
FNDA:6,isSafeBreakdownKey
FNDA:6,getTotalsSortIndex
FNDA:6,createBreakdownUrl
FNDA:4,parseNumericTotal
FNDA:7,assertValidBreakdownRequest
FNDA:9,(anonymous_5)
FNDA:7,fetchBreakdownData
FNDA:6,(anonymous_7)
FNDA:6,(anonymous_8)
FNDA:5,(anonymous_9)
FNDA:8,(anonymous_10)
FNDA:3,fetchTotals
FNDA:3,(anonymous_12)
DA:11,1
DA:13,1
DA:18,1
DA:23,1
DA:28,1
DA:29,1
DA:30,1
DA:47,6
DA:61,6
DA:62,6
DA:63,6
DA:75,6
DA:85,4
DA:86,4
DA:104,7
DA:105,1
DA:107,9
DA:108,1
DA:110,5
DA:112,2
DA:131,7
DA:132,6
DA:134,3
DA:135,3
DA:136,6
DA:139,3
DA:140,5
DA:141,1
DA:144,4
DA:145,8
DA:146,6
DA:147,6
DA:148,4
DA:151,8
DA:155,2
DA:157,1
DA:158,1
DA:168,3
DA:169,3
DA:174,3
DA:175,3
DA:176,1
DA:179,2
DA:180,3
DA:181,3
DA:182,3
DA:183,1
DA:185,2
DA:188,2
DA:190,1
DA:191,1
LF:51
LH:51
BRDA:47,0,0,6
BRDA:47,0,1,6
BRDA:47,0,2,6
BRDA:47,0,3,5
BRDA:47,0,4,5
BRDA:86,1,0,3
BRDA:86,1,1,1
BRDA:104,2,0,1
BRDA:104,2,1,6
BRDA:104,3,0,7
BRDA:104,3,1,7
BRDA:104,3,2,7
BRDA:104,3,3,6
BRDA:107,4,0,1
BRDA:107,4,1,5
BRDA:107,5,0,9
BRDA:107,5,1,9
BRDA:110,6,0,2
BRDA:110,6,1,3
BRDA:110,7,0,5
BRDA:110,7,1,4
BRDA:140,8,0,1
BRDA:140,8,1,4
BRDA:145,9,0,6
BRDA:145,9,1,2
BRDA:147,10,0,4
BRDA:147,10,1,2
BRDA:155,11,0,2
BRDA:155,11,1,0
BRDA:155,12,0,2
BRDA:155,12,1,0
BRDA:175,13,0,1
BRDA:175,13,1,2
BRDA:182,14,0,1
BRDA:182,14,1,2
BRDA:185,15,0,2
BRDA:185,15,1,0
BRF:37
BRH:34
end_of_record
TN:
SF:js/compare/i18n.ts
FN:159,normalizeLanguage
FN:173,(anonymous_1)
FN:183,resolveLanguage
FN:226,lookupMessage
FN:247,interpolate
FN:252,(anonymous_5)
FN:265,setLanguage
FN:278,getLanguage
FN:289,t
FNF:9
FNH:9
FNDA:57,normalizeLanguage
FNDA:22,(anonymous_1)
FNDA:16,resolveLanguage
FNDA:264,lookupMessage
FNDA:132,interpolate
FNDA:31,(anonymous_5)
FNDA:15,setLanguage
FNDA:1,getLanguage
FNDA:132,t
DA:3,11
DA:4,11
DA:12,11
DA:160,57
DA:161,17
DA:164,40
DA:165,40
DA:166,11
DA:168,29
DA:169,18
DA:172,11
DA:173,22
DA:175,11
DA:184,16
DA:185,16
DA:186,16
DA:187,16
DA:188,2
DA:192,14
DA:193,14
DA:194,14
DA:195,6
DA:199,8
DA:200,8
DA:201,8
DA:202,10
DA:203,10
DA:204,6
DA:208,2
DA:209,2
DA:210,1
DA:214,1
DA:217,11
DA:227,264
DA:228,264
DA:230,264
DA:231,600
DA:232,2
DA:234,598
DA:237,262
DA:248,132
DA:249,101
DA:252,31
DA:253,31
DA:266,15
DA:267,15
DA:268,15
DA:270,15
DA:279,1
DA:290,132
DA:291,132
DA:292,132
DA:293,132
DA:296,11
DA:298,11
DA:304,11
LF:56
LH:56
BRDA:160,0,0,17
BRDA:160,0,1,40
BRDA:160,1,0,57
BRDA:160,1,1,40
BRDA:165,2,0,11
BRDA:165,2,1,29
BRDA:165,3,0,40
BRDA:165,3,1,40
BRDA:168,4,0,18
BRDA:168,4,1,11
BRDA:168,5,0,29
BRDA:168,5,1,29
BRDA:175,6,0,11
BRDA:175,6,1,11
BRDA:184,7,0,16
BRDA:184,7,1,0
BRDA:184,8,0,16
BRDA:184,8,1,16
BRDA:187,9,0,2
BRDA:187,9,1,14
BRDA:192,10,0,14
BRDA:192,10,1,0
BRDA:194,11,0,6
BRDA:194,11,1,8
BRDA:199,12,0,8
BRDA:199,12,1,0
BRDA:200,13,0,8
BRDA:200,13,1,0
BRDA:203,14,0,6
BRDA:203,14,1,4
BRDA:209,15,0,1
BRDA:209,15,1,1
BRDA:231,16,0,2
BRDA:231,16,1,598
BRDA:231,17,0,600
BRDA:231,17,1,598
BRDA:237,18,0,262
BRDA:237,18,1,0
BRDA:248,19,0,101
BRDA:248,19,1,31
BRDA:253,20,0,31
BRDA:253,20,1,0
BRDA:266,21,0,15
BRDA:266,21,1,1
BRDA:267,22,0,15
BRDA:267,22,1,0
BRDA:292,23,0,132
BRDA:292,23,1,1
BRDA:292,23,2,1
BRF:49
BRH:42
end_of_record
TN:
SF:js/compare/utils.tsx
FN:33,translateDataLabel
FN:47,(anonymous_1)
FN:58,(anonymous_2)
FN:70,getSortedBudgetKeys
FN:72,(anonymous_4)
FN:73,(anonymous_5)
FN:87,asDiff
FN:106,(anonymous_7)
FNF:8
FNH:8
FNDA:157,translateDataLabel
FNDA:1,(anonymous_1)
FNDA:1,(anonymous_2)
FNDA:14,getSortedBudgetKeys
FNDA:28,(anonymous_4)
FNDA:318,(anonymous_5)
FNDA:161,asDiff
FNDA:158,(anonymous_7)
DA:15,4
DA:17,4
DA:18,4
DA:19,4
DA:21,4
DA:34,157
DA:35,2
DA:37,155
DA:40,4
DA:48,1
DA:49,1
DA:58,1
DA:71,14
DA:72,14
DA:73,28
DA:74,318
DA:77,14
DA:88,161
DA:89,3
DA:91,158
DA:107,158
DA:111,158
LF:22
LH:22
BRDA:34,0,0,2
BRDA:34,0,1,155
BRDA:34,1,0,157
BRDA:34,1,1,157
BRDA:73,2,0,28
BRDA:73,2,1,0
BRDA:88,3,0,3
BRDA:88,3,1,158
BRDA:91,4,0,3
BRDA:91,4,1,155
BRDA:108,5,0,155
BRDA:108,5,1,3
BRF:12
BRH:11
end_of_record
